2024-05-15 17:06:50,659 [INFO] Activator:176 - 


2024-05-15 17:06:50,664 [INFO] Activator:177 - !SESSION log4j initialized
2024-05-15 17:06:55,835 [INFO] LogOutputStream:77 - [STDOUT_REDIRECT] 
2024-05-15 17:07:02,142 [INFO] ApplicationProperties:184 - Using Application install path: C:\ST\STM32CubeIDE_1.14.0\STM32CubeIDE\plugins\com.st.stm32cube.common.mx_6.10.0.202311202037
2024-05-15 17:07:02,167 [INFO] DbMcusXml:78 - Set database path to: C:\ST\STM32CubeIDE_1.14.0\STM32CubeIDE\plugins\com.st.stm32cube.common.mx_6.10.0.202311202037\\db\/mcu/
2024-05-15 17:07:02,168 [INFO] ApiDb:274 - Set plugin database path to: C:\ST\STM32CubeIDE_1.14.0\STM32CubeIDE\plugins\com.st.stm32cube.common.mx_6.10.0.202311202037\\db\/plugins/boardmanager/
2024-05-15 17:07:02,168 [WARN] ApiDb:259 - Overriding images path with different value:  => C:\ST\STM32CubeIDE_1.14.0\STM32CubeIDE\plugins\com.st.stm32cube.common.mx_6.10.0.202311202037\\db\/plugins/mcufinder/images/
2024-05-15 17:07:02,177 [INFO] ApiDb:250 - Set database path to: C:\Users\pc\.stmcufinder\plugins\mcufinder//mcu/
2024-05-15 17:07:02,179 [INFO] DbMcusAds:125 - Set database path to: C:\Users\pc\.stmcufinder\plugins\mcufinder//mcu/
2024-05-15 17:07:02,181 [INFO] CrossReferenceDbSqlite:203 - Set database path to: C:\Users\pc\.stmcufinder\plugins\mcufinder//mcu/cs/
2024-05-15 17:07:02,293 [INFO] RulesReader:64 - Compatibility file has been processed (297 Rules)
2024-05-15 17:07:02,366 [INFO] DbMcusXml:78 - Set database path to: C:\ST\STM32CubeIDE_1.14.0\STM32CubeIDE\plugins\com.st.stm32cube.common.mx_6.10.0.202311202037\\db\/mcu/
2024-05-15 17:07:02,367 [INFO] ApiDb:274 - Set plugin database path to: C:\ST\STM32CubeIDE_1.14.0\STM32CubeIDE\plugins\com.st.stm32cube.common.mx_6.10.0.202311202037\\db\/plugins/boardmanager/
2024-05-15 17:07:02,367 [INFO] ApiDb:261 - Set plugin images path to: C:\ST\STM32CubeIDE_1.14.0\STM32CubeIDE\plugins\com.st.stm32cube.common.mx_6.10.0.202311202037\\db\/plugins/mcufinder/images/
2024-05-15 17:07:02,367 [WARN] DbFile:41 - Overriding database path with different value: C:\Users\pc\.stmcufinder\plugins\mcufinder/ => C:\Users\pc\.stmcufinder\plugins\mcufinder
2024-05-15 17:07:02,367 [INFO] ApiDb:250 - Set database path to: C:\Users\pc\.stmcufinder\plugins\mcufinder//mcu/
2024-05-15 17:07:02,367 [WARN] DbFile:41 - Overriding database path with different value: C:\Users\pc\.stmcufinder\plugins\mcufinder/ => C:\Users\pc\.stmcufinder\plugins\mcufinder
2024-05-15 17:07:02,367 [INFO] DbMcusAds:125 - Set database path to: C:\Users\pc\.stmcufinder\plugins\mcufinder//mcu/
2024-05-15 17:07:02,367 [WARN] DbFile:41 - Overriding database path with different value: C:\Users\pc\.stmcufinder\plugins\mcufinder/ => C:\Users\pc\.stmcufinder\plugins\mcufinder
2024-05-15 17:07:02,367 [WARN] DbFile:41 - Overriding database path with different value: C:\Users\pc\.stmcufinder\plugins\mcufinder/ => C:\Users\pc\.stmcufinder\plugins\mcufinder
2024-05-15 17:07:02,367 [INFO] CrossReferenceDbSqlite:203 - Set database path to: C:\Users\pc\.stmcufinder\plugins\mcufinder//mcu/cs/
2024-05-15 17:07:02,433 [INFO] MainPanel:264 - HeapMemory: 268435456
2024-05-15 17:07:02,530 [INFO] DbMcusXml:78 - Set database path to: C:\ST\STM32CubeIDE_1.14.0\STM32CubeIDE\plugins\com.st.stm32cube.common.mx_6.10.0.202311202037\\db\/mcu/
2024-05-15 17:07:02,530 [INFO] ApiDb:274 - Set plugin database path to: C:\ST\STM32CubeIDE_1.14.0\STM32CubeIDE\plugins\com.st.stm32cube.common.mx_6.10.0.202311202037\\db\/plugins/boardmanager/
2024-05-15 17:07:02,530 [INFO] ApiDb:261 - Set plugin images path to: C:\ST\STM32CubeIDE_1.14.0\STM32CubeIDE\plugins\com.st.stm32cube.common.mx_6.10.0.202311202037\\db\/plugins/mcufinder/images/
2024-05-15 17:07:02,530 [WARN] DbFile:41 - Overriding database path with different value: C:\Users\pc\.stmcufinder\plugins\mcufinder/ => C:\Users\pc\.stmcufinder\plugins\mcufinder
2024-05-15 17:07:02,530 [INFO] ApiDb:250 - Set database path to: C:\Users\pc\.stmcufinder\plugins\mcufinder//mcu/
2024-05-15 17:07:02,530 [WARN] DbFile:41 - Overriding database path with different value: C:\Users\pc\.stmcufinder\plugins\mcufinder/ => C:\Users\pc\.stmcufinder\plugins\mcufinder
2024-05-15 17:07:02,530 [INFO] DbMcusAds:125 - Set database path to: C:\Users\pc\.stmcufinder\plugins\mcufinder//mcu/
2024-05-15 17:07:02,530 [WARN] DbFile:41 - Overriding database path with different value: C:\Users\pc\.stmcufinder\plugins\mcufinder/ => C:\Users\pc\.stmcufinder\plugins\mcufinder
2024-05-15 17:07:02,530 [WARN] DbFile:41 - Overriding database path with different value: C:\Users\pc\.stmcufinder\plugins\mcufinder/ => C:\Users\pc\.stmcufinder\plugins\mcufinder
2024-05-15 17:07:02,531 [INFO] CrossReferenceDbSqlite:203 - Set database path to: C:\Users\pc\.stmcufinder\plugins\mcufinder//mcu/cs/
2024-05-15 17:07:02,551 [INFO] ApplicationProperties:184 - Using Application install path: C:\ST\STM32CubeIDE_1.14.0\STM32CubeIDE\plugins\com.st.stm32cube.common.mx_6.10.0.202311202037
2024-05-15 17:07:02,553 [INFO] PluginManage:196 - Search for loadable plugins [exclusion list=, ]
2024-05-15 17:07:02,555 [INFO] PluginManage:310 - Check plugin analytics
2024-05-15 17:07:07,632 [INFO] AnalyticsPlugin:253 - Accepted Software Licenses: 
2024-05-15 17:07:07,632 [INFO] AnalyticsPlugin:255 - Accepted CMSIS Pack Licenses: 
2024-05-15 17:07:07,632 [INFO] AnalyticsPlugin:257 - Accepted Firmware Licenses: 
2024-05-15 17:07:07,633 [INFO] PluginManage:359 - Loaded plugin analytics (category:tool,tabindex:-1)
2024-05-15 17:07:07,633 [INFO] PluginManage:310 - Check plugin cadmodel
2024-05-15 17:07:07,647 [INFO] CADModel:105 - Init CAD model plugin
2024-05-15 17:07:07,647 [INFO] PluginManage:359 - Loaded plugin cadmodel (category:power,tabindex:5)
2024-05-15 17:07:07,647 [INFO] PluginManage:310 - Check plugin clock
2024-05-15 17:07:07,664 [INFO] PluginManage:359 - Loaded plugin clock (category:base,tabindex:2)
2024-05-15 17:07:07,664 [INFO] PluginManage:310 - Check plugin ddr
2024-05-15 17:07:07,666 [INFO] PluginManage:359 - Loaded plugin ddr (category:tool,tabindex:6)
2024-05-15 17:07:07,666 [INFO] PluginManage:310 - Check plugin filemanager
2024-05-15 17:07:07,767 [INFO] PluginManage:359 - Loaded plugin filemanager (category:base,tabindex:10)
2024-05-15 17:07:07,767 [INFO] PluginManage:310 - Check plugin ipmanager
2024-05-15 17:07:07,773 [INFO] PluginManage:359 - Loaded plugin ipmanager (category:base,tabindex:5)
2024-05-15 17:07:07,773 [INFO] PluginManage:310 - Check plugin lpbam
2024-05-15 17:07:07,789 [INFO] PluginManage:359 - Loaded plugin lpbam (category:base,tabindex:0)
2024-05-15 17:07:07,789 [INFO] PluginManage:310 - Check plugin memorymap
2024-05-15 17:07:07,810 [INFO] PluginManage:359 - Loaded plugin memorymap (category:base,tabindex:4)
2024-05-15 17:07:07,810 [INFO] PluginManage:310 - Check plugin pinoutandconfiguration
2024-05-15 17:07:07,823 [INFO] PluginManage:359 - Loaded plugin pinoutandconfiguration (category:base,tabindex:1)
2024-05-15 17:07:07,823 [INFO] PluginManage:310 - Check plugin pinoutconfig
2024-05-15 17:07:07,899 [WARN] SupportedApi:132 - Cannot load RTOS API schema: s4s-elt-must-match.1: The content of 'definitions' must match (annotation?, (simpleType | complexType)?, (unique | key | keyref)*)). A problem was found starting at: attribute.
2024-05-15 17:07:07,999 [INFO] PluginManage:359 - Loaded plugin pinoutconfig (category:base,tabindex:0)
2024-05-15 17:07:08,000 [INFO] PluginManage:310 - Check plugin power
2024-05-15 17:07:08,017 [INFO] PluginManage:359 - Loaded plugin power (category:power,tabindex:4)
2024-05-15 17:07:08,017 [INFO] PluginManage:310 - Check plugin projectmanager
2024-05-15 17:07:08,031 [INFO] PluginManage:359 - Loaded plugin projectmanager (category:projectmanager,tabindex:3)
2024-05-15 17:07:08,031 [INFO] PluginManage:310 - Check plugin thirdparty
2024-05-15 17:07:08,264 [INFO] PluginManage:359 - Loaded plugin thirdparty (category:base,tabindex:-1)
2024-05-15 17:07:08,264 [WARN] IntegrityCheckThread:84 - waiting for thirdparty lock release [integrity check]
2024-05-15 17:07:08,264 [INFO] PluginManage:310 - Check plugin tools
2024-05-15 17:07:08,264 [INFO] IntegrityCheckThread:86 - entering critical section [integrity check]
2024-05-15 17:07:08,264 [INFO] ThirdPartyUpdaterWithRetryManager:70 - Updater plugin not ready yet. [1/15]
2024-05-15 17:07:08,297 [INFO] PluginManage:359 - Loaded plugin tools (category:base,tabindex:7)
2024-05-15 17:07:08,298 [INFO] PluginManage:310 - Check plugin tutovideos
2024-05-15 17:07:08,469 [INFO] PluginManage:359 - Loaded plugin tutovideos (category:base,tabindex:-1)
2024-05-15 17:07:08,469 [INFO] PluginManage:310 - Check plugin updater
2024-05-15 17:07:08,478 [INFO] PluginManage:359 - Loaded plugin updater (category:base,tabindex:12)
2024-05-15 17:07:08,478 [INFO] PluginManage:310 - Check plugin userauth
2024-05-15 17:07:08,484 [INFO] UserAuth:114 - Init User Auth plugin
2024-05-15 17:07:08,484 [INFO] PluginManage:359 - Loaded plugin userauth (category:base,tabindex:14)
2024-05-15 17:07:08,484 [INFO] PluginManage:283 - PluginManage : Loaded plugins [17]
2024-05-15 17:07:08,674 [INFO] PinOutPanel:1499 - setPackage(No Configuration,No Configuration)
2024-05-15 17:07:08,733 [INFO] CADModel:165 - CPN selected for project level
2024-05-15 17:07:08,733 [INFO] CADModel:114 - Register for checkConnection events
2024-05-15 17:07:08,757 [INFO] IPUIPlugin:80 - create IPUIPlugin
2024-05-15 17:07:08,757 [INFO] PluginManager:220 - loadIPPluginJar : add adc
2024-05-15 17:07:08,793 [INFO] IPUIPlugin:80 - create IPUIPlugin
2024-05-15 17:07:08,793 [INFO] PluginManager:220 - loadIPPluginJar : add aes
2024-05-15 17:07:08,831 [INFO] IPUIPlugin:80 - create IPUIPlugin
2024-05-15 17:07:08,831 [INFO] PluginManager:220 - loadIPPluginJar : add can
2024-05-15 17:07:08,852 [INFO] IPUIPlugin:80 - create IPUIPlugin
2024-05-15 17:07:08,852 [INFO] PluginManager:220 - loadIPPluginJar : add comp
2024-05-15 17:07:08,882 [INFO] IPUIPlugin:80 - create IPUIPlugin
2024-05-15 17:07:08,882 [INFO] PluginManager:220 - loadIPPluginJar : add cryp
2024-05-15 17:07:08,909 [INFO] IPUIPlugin:80 - create IPUIPlugin
2024-05-15 17:07:08,909 [INFO] PluginManager:220 - loadIPPluginJar : add dfsdm
2024-05-15 17:07:08,922 [INFO] IPUIPlugin:80 - create IPUIPlugin
2024-05-15 17:07:08,923 [INFO] PluginManager:220 - loadIPPluginJar : add dma
2024-05-15 17:07:08,962 [INFO] IPUIPlugin:80 - create IPUIPlugin
2024-05-15 17:07:08,962 [INFO] PluginManager:220 - loadIPPluginJar : add dma3
2024-05-15 17:07:08,981 [INFO] IPUIPlugin:80 - create IPUIPlugin
2024-05-15 17:07:08,981 [INFO] PluginManager:220 - loadIPPluginJar : add fatfs
2024-05-15 17:07:09,022 [INFO] IPUIPlugin:80 - create IPUIPlugin
2024-05-15 17:07:09,023 [INFO] PluginManager:220 - loadIPPluginJar : add fmc
2024-05-15 17:07:09,037 [INFO] IPUIPlugin:80 - create IPUIPlugin
2024-05-15 17:07:09,037 [INFO] PluginManager:220 - loadIPPluginJar : add freertos
2024-05-15 17:07:09,054 [INFO] IPUIPlugin:80 - create IPUIPlugin
2024-05-15 17:07:09,054 [INFO] PluginManager:220 - loadIPPluginJar : add genericplugin
2024-05-15 17:07:09,133 [INFO] IPUIPlugin:80 - create IPUIPlugin
2024-05-15 17:07:09,134 [INFO] PluginManager:220 - loadIPPluginJar : add gfxmmu
2024-05-15 17:07:09,283 [INFO] IPUIPlugin:80 - create IPUIPlugin
2024-05-15 17:07:09,284 [INFO] PluginManager:220 - loadIPPluginJar : add gic
2024-05-15 17:07:09,296 [INFO] IPUIPlugin:80 - create IPUIPlugin
2024-05-15 17:07:09,296 [INFO] PluginManager:220 - loadIPPluginJar : add gpio
2024-05-15 17:07:09,383 [INFO] IPUIPlugin:80 - create IPUIPlugin
2024-05-15 17:07:09,383 [INFO] PluginManager:220 - loadIPPluginJar : add gtzc
2024-05-15 17:07:09,419 [INFO] IPUIPlugin:80 - create IPUIPlugin
2024-05-15 17:07:09,419 [INFO] PluginManager:220 - loadIPPluginJar : add hash
2024-05-15 17:07:09,463 [INFO] IPUIPlugin:80 - create IPUIPlugin
2024-05-15 17:07:09,463 [INFO] PluginManager:220 - loadIPPluginJar : add i2c
2024-05-15 17:07:09,501 [INFO] IPUIPlugin:80 - create IPUIPlugin
2024-05-15 17:07:09,501 [INFO] PluginManager:220 - loadIPPluginJar : add i2s
2024-05-15 17:07:09,539 [INFO] IPUIPlugin:80 - create IPUIPlugin
2024-05-15 17:07:09,539 [INFO] PluginManager:220 - loadIPPluginJar : add i3c
2024-05-15 17:07:09,626 [INFO] IPUIPlugin:80 - create IPUIPlugin
2024-05-15 17:07:09,626 [INFO] PluginManager:220 - loadIPPluginJar : add ipddr
2024-05-15 17:07:09,709 [INFO] IPUIPlugin:80 - create IPUIPlugin
2024-05-15 17:07:09,709 [INFO] PluginManager:220 - loadIPPluginJar : add linkedlist
2024-05-15 17:07:09,741 [INFO] IPUIPlugin:80 - create IPUIPlugin
2024-05-15 17:07:09,741 [INFO] PluginManager:220 - loadIPPluginJar : add lorawan
2024-05-15 17:07:09,774 [INFO] IPUIPlugin:80 - create IPUIPlugin
2024-05-15 17:07:09,774 [INFO] PluginManager:220 - loadIPPluginJar : add ltdc
2024-05-15 17:07:09,786 [INFO] IPUIPlugin:80 - create IPUIPlugin
2024-05-15 17:07:09,787 [INFO] PluginManager:220 - loadIPPluginJar : add mdma
2024-05-15 17:07:09,799 [INFO] IPUIPlugin:80 - create IPUIPlugin
2024-05-15 17:07:09,799 [INFO] PluginManager:220 - loadIPPluginJar : add nvic
2024-05-15 17:07:09,829 [INFO] IPUIPlugin:80 - create IPUIPlugin
2024-05-15 17:07:09,829 [INFO] PluginManager:220 - loadIPPluginJar : add opamp
2024-05-15 17:07:09,881 [INFO] IPUIPlugin:80 - create IPUIPlugin
2024-05-15 17:07:09,881 [INFO] PluginManager:220 - loadIPPluginJar : add openamp
2024-05-15 17:07:09,922 [INFO] IPUIPlugin:80 - create IPUIPlugin
2024-05-15 17:07:09,922 [INFO] PluginManager:220 - loadIPPluginJar : add pdm2pcm
2024-05-15 17:07:09,934 [INFO] IPUIPlugin:80 - create IPUIPlugin
2024-05-15 17:07:09,936 [INFO] PluginManager:220 - loadIPPluginJar : add plateformsettings
2024-05-15 17:07:09,955 [INFO] IPUIPlugin:80 - create IPUIPlugin
2024-05-15 17:07:09,955 [INFO] PluginManager:220 - loadIPPluginJar : add quadspi
2024-05-15 17:07:09,967 [INFO] IPUIPlugin:80 - create IPUIPlugin
2024-05-15 17:07:09,967 [INFO] PluginManager:220 - loadIPPluginJar : add resmgrutility
2024-05-15 17:07:10,009 [INFO] IPUIPlugin:80 - create IPUIPlugin
2024-05-15 17:07:10,009 [INFO] PluginManager:220 - loadIPPluginJar : add sai
2024-05-15 17:07:10,044 [INFO] IPUIPlugin:80 - create IPUIPlugin
2024-05-15 17:07:10,044 [INFO] PluginManager:220 - loadIPPluginJar : add spi
2024-05-15 17:07:10,102 [INFO] IPUIPlugin:80 - create IPUIPlugin
2024-05-15 17:07:10,102 [INFO] PluginManager:220 - loadIPPluginJar : add stm32_wpan
2024-05-15 17:07:10,121 [INFO] IPUIPlugin:80 - create IPUIPlugin
2024-05-15 17:07:10,121 [INFO] PluginManager:220 - loadIPPluginJar : add tim
2024-05-15 17:07:10,172 [INFO] IPUIPlugin:80 - create IPUIPlugin
2024-05-15 17:07:10,172 [INFO] PluginManager:220 - loadIPPluginJar : add touchsensing
2024-05-15 17:07:10,193 [INFO] IPUIPlugin:80 - create IPUIPlugin
2024-05-15 17:07:10,193 [INFO] PluginManager:220 - loadIPPluginJar : add tracer_emb
2024-05-15 17:07:10,215 [INFO] IPUIPlugin:80 - create IPUIPlugin
2024-05-15 17:07:10,215 [INFO] PluginManager:220 - loadIPPluginJar : add ts
2024-05-15 17:07:10,232 [INFO] IPUIPlugin:80 - create IPUIPlugin
2024-05-15 17:07:10,233 [INFO] PluginManager:220 - loadIPPluginJar : add tsc
2024-05-15 17:07:10,253 [INFO] IPUIPlugin:80 - create IPUIPlugin
2024-05-15 17:07:10,253 [INFO] PluginManager:220 - loadIPPluginJar : add ucpd
2024-05-15 17:07:10,299 [INFO] IPUIPlugin:80 - create IPUIPlugin
2024-05-15 17:07:10,299 [INFO] PluginManager:220 - loadIPPluginJar : add usart
2024-05-15 17:07:10,336 [INFO] IPUIPlugin:80 - create IPUIPlugin
2024-05-15 17:07:10,336 [INFO] PluginManager:220 - loadIPPluginJar : add usbx
2024-05-15 17:07:10,464 [INFO] CADModel:165 - CPN selected for project level
2024-05-15 17:07:10,464 [INFO] CADModel:114 - Register for checkConnection events
2024-05-15 17:07:10,464 [FATAL] Updater:308 - Updater called before beeing initialized
2024-05-15 17:07:10,464 [ERROR] CADModel:125 - Updater not yet initialized, retry later 
2024-05-15 17:07:10,602 [INFO] CADModel:165 - CPN selected for project level
2024-05-15 17:07:10,602 [INFO] CADModel:114 - Register for checkConnection events
2024-05-15 17:07:10,602 [FATAL] Updater:308 - Updater called before beeing initialized
2024-05-15 17:07:10,602 [ERROR] CADModel:125 - Updater not yet initialized, retry later 
2024-05-15 17:07:10,605 [FATAL] Updater:308 - Updater called before beeing initialized
2024-05-15 17:07:10,706 [FATAL] Updater:308 - Updater called before beeing initialized
2024-05-15 17:07:10,710 [INFO] DbMcusAds:53 - JSON generation date=Thu May 02 16:37:29 CST 2024 (1714639049318)
2024-05-15 17:07:10,711 [FATAL] Updater:308 - Updater called before beeing initialized
2024-05-15 17:07:10,786 [WARN] DetailPanel:346 - Failed to get advertising image, set to default
2024-05-15 17:07:10,854 [FATAL] Updater:308 - Updater called before beeing initialized
2024-05-15 17:07:10,857 [FATAL] Updater:308 - Updater called before beeing initialized
2024-05-15 17:07:10,857 [FATAL] Updater:308 - Updater called before beeing initialized
2024-05-15 17:07:10,857 [WARN] DetailPanel:346 - Failed to get advertising image, set to default
2024-05-15 17:07:10,858 [FATAL] Updater:308 - Updater called before beeing initialized
2024-05-15 17:07:10,905 [ERROR] Updater:1120 - MainUpdater not yet initialized. External WinMGr cannot be set.
2024-05-15 17:07:10,915 [INFO] Updater:1056 - Updater Version found : 6.10.0
2024-05-15 17:07:10,929 [INFO] ApplicationProperties:184 - Using Application install path: C:\ST\STM32CubeIDE_1.14.0\STM32CubeIDE\plugins\com.st.stm32cube.common.mx_6.10.0.202311202037
2024-05-15 17:07:10,959 [INFO] MainUpdater:526 - Copy updater definitions from MX database
2024-05-15 17:07:11,169 [INFO] MainUpdater:2873 - connection check result : 10
2024-05-15 17:07:11,169 [INFO] MainUpdater:3567 - Updater definition file requires update
2024-05-15 17:07:11,171 [INFO] MainUpdater:290 - Updater Check For Update Now.
2024-05-15 17:07:11,171 [INFO] MicroXplorer:498 - Change Database Version : DB.6.0.100
2024-05-15 17:07:11,181 [INFO] McuFinderGlobals:63 - Set McuFinder mode to 2 (CubeIDE integrated)
2024-05-15 17:07:11,181 [INFO] UserAuth:180 - activating auth plugin
2024-05-15 17:07:11,184 [INFO] UserAuth:404 - Internet connection configuration mode: 1
2024-05-15 17:07:11,196 [INFO] JxBrowserEngine:152 - Initiate JxBrowser Engine with user profile folder
2024-05-15 17:07:11,266 [WARN] MainUpdater:1194 - Updater busy. Cannot search thirdparties
2024-05-15 17:07:11,266 [INFO] ThirdPartyUpdaterWithRetryManager:96 - Updater plugin is busy. [1/15]
2024-05-15 17:07:11,278 [INFO] ServerAccessManage:473 - Download File updaters.zip
2024-05-15 17:07:11,397 [INFO] FileExtend:240 - Unzip File : updaters.zip
2024-05-15 17:07:11,397 [INFO] FileExtend:255 - Standard Zip Deflate
2024-05-15 17:07:11,733 [INFO] ServerAccessManage:473 - Download File PacksControlFlags.xml
2024-05-15 17:07:11,798 [INFO] ServerAccessManage:473 - Download File cubemx.pidx
2024-05-15 17:07:11,888 [INFO] LoadServerUpdatesThread:375 - End of LoadServerUpdate Thread
2024-05-15 17:07:12,046 [INFO] CheckServerUpdateThread:120 - End of CheckServer Thread
2024-05-15 17:07:14,028 [INFO] WebApp:161 - Instantiating new browser for Auth
2024-05-15 17:07:14,409 [WARN] PackLoader:240 - Cannot read IP mode file for STMicroelectronics.FP-SNS-MOTENVWB1.1.4.0
2024-05-15 17:07:14,417 [WARN] PackLoader:240 - Cannot read IP mode file for STMicroelectronics.X-CUBE-SMBUS.2.1.0
2024-05-15 17:07:14,423 [WARN] PackLoader:240 - Cannot read IP mode file for STMicroelectronics.X-CUBE-TOUCHGFX.4.23.2
2024-05-15 17:07:14,451 [WARN] PackLoader:240 - Cannot read IP mode file for STMicroelectronics.X-CUBE-AZRTOS-F7.1.1.0
2024-05-15 17:07:14,461 [WARN] PackLoader:240 - Cannot read IP mode file for STMicroelectronics.FP-SNS-FLIGHT1.5.0.2
2024-05-15 17:07:14,470 [WARN] PackLoader:240 - Cannot read IP mode file for STMicroelectronics.X-CUBE-DISPLAY.3.0.0
2024-05-15 17:07:14,483 [WARN] PackLoader:240 - Cannot read IP mode file for STMicroelectronics.X-CUBE-BLE1.7.0.0
2024-05-15 17:07:14,488 [WARN] PackLoader:240 - Cannot read IP mode file for emotas.I-CUBE-CANOPEN.1.3.0
2024-05-15 17:07:14,498 [WARN] PackLoader:240 - Cannot read IP mode file for STMicroelectronics.X-CUBE-BLEMGR.3.1.0
2024-05-15 17:07:14,504 [WARN] PackLoader:240 - Cannot read IP mode file for STMicroelectronics.FP-SNS-SMARTAG2.1.2.0
2024-05-15 17:07:14,511 [INFO] LogOutputStream:77 - [STDOUT_REDIRECT] 1 : Invalid condition id : UX_CORESTACK_Condition cause : null
2024-05-15 17:07:14,512 [INFO] LogOutputStream:77 - [STDOUT_REDIRECT] 1 : Invalid condition id : UX_CORESTACK_Condition cause : null
2024-05-15 17:07:14,512 [INFO] LogOutputStream:77 - [STDOUT_REDIRECT] 1 : Invalid condition id : UX_CORESTACK_Condition cause : null
2024-05-15 17:07:14,513 [INFO] LogOutputStream:77 - [STDOUT_REDIRECT] 1 : Invalid condition id : UX_CORESTACK_Condition cause : null
2024-05-15 17:07:14,514 [INFO] LogOutputStream:77 - [STDOUT_REDIRECT] 1 : Invalid condition id : UX_CORESTACK_Condition cause : null
2024-05-15 17:07:14,516 [WARN] PackLoader:240 - Cannot read IP mode file for STMicroelectronics.X-CUBE-AZRTOS-WL.2.0.0
2024-05-15 17:07:14,521 [WARN] PackLoader:240 - Cannot read IP mode file for STMicroelectronics.FP-SNS-MOTENV1.5.0.0
2024-05-15 17:07:14,528 [WARN] PackLoader:240 - Cannot read IP mode file for WES.I-CUBE-Cesium.1.3.0
2024-05-15 17:07:14,532 [WARN] PackLoader:240 - Cannot read IP mode file for STMicroelectronics.X-CUBE-BLE2.3.3.0
2024-05-15 17:07:14,537 [WARN] PackLoader:240 - Cannot read IP mode file for STMicroelectronics.X-CUBE-TCPP.4.1.0
2024-05-15 17:07:14,544 [WARN] PackLoader:240 - Cannot read IP mode file for STMicroelectronics.X-CUBE-ALGOBUILD.1.3.0
2024-05-15 17:07:14,556 [WARN] PackLoader:240 - Cannot read IP mode file for STMicroelectronics.X-CUBE-AZRTOS-G0.1.1.0
2024-05-15 17:07:14,562 [WARN] PackLoader:240 - Cannot read IP mode file for STMicroelectronics.X-CUBE-SAFEA1.1.2.2
2024-05-15 17:07:14,567 [WARN] PackLoader:240 - Cannot read IP mode file for STMicroelectronics.X-CUBE-NFC4.3.0.0
2024-05-15 17:07:14,571 [WARN] PackLoader:240 - Cannot read IP mode file for wolfSSL.I-CUBE-wolfSSL.5.7.0
2024-05-15 17:07:14,576 [WARN] PackLoader:240 - Cannot read IP mode file for STMicroelectronics.FP-ATR-SIGFOX1.3.2.0
2024-05-15 17:07:14,580 [WARN] PackLoader:240 - Cannot read IP mode file for STMicroelectronics.X-CUBE-EEPRMA1.5.1.0
2024-05-15 17:07:14,584 [WARN] PackLoader:240 - Cannot read IP mode file for ITTIA_DB.I-CUBE-ITTIADB.8.9.0
2024-05-15 17:07:14,610 [WARN] PackLoader:240 - Cannot read IP mode file for SEGGER.I-CUBE-embOS.1.3.1
2024-05-15 17:07:14,642 [WARN] PackLoader:240 - Cannot read IP mode file for STMicroelectronics.X-CUBE-ALGOBUILD.1.4.0
2024-05-15 17:07:14,644 [INFO] WebApp:780 - Register for checkConnection events
2024-05-15 17:07:14,644 [INFO] WebApp:414 - Apply proxy settings
2024-05-15 17:07:14,644 [INFO] WebApp:499 - Chromium requires no authentication
2024-05-15 17:07:14,646 [WARN] PackLoader:240 - Cannot read IP mode file for STMicroelectronics.X-CUBE-GNSS1.6.0.0
2024-05-15 17:07:14,655 [INFO] WebApp:442 - Direct internet connection detected
2024-05-15 17:07:14,658 [WARN] PackLoader:240 - Cannot read IP mode file for STMicroelectronics.X-CUBE-AZRTOS-F4.1.1.0
2024-05-15 17:07:14,665 [WARN] PackLoader:240 - Cannot read IP mode file for STMicroelectronics.X-CUBE-FREERTOS.1.2.0
2024-05-15 17:07:14,685 [WARN] PackLoader:240 - Cannot read IP mode file for STMicroelectronics.X-CUBE-AZRTOS-L5.2.0.0
2024-05-15 17:07:14,696 [WARN] PackLoader:240 - Cannot read IP mode file for STMicroelectronics.X-CUBE-NFC6.3.1.0
2024-05-15 17:07:14,701 [WARN] PackLoader:240 - Cannot read IP mode file for STMicroelectronics.X-CUBE-AI.9.0.0
2024-05-15 17:07:14,704 [WARN] PackLoader:240 - Cannot read IP mode file for STMicroelectronics.X-CUBE-NFC7.1.0.1
2024-05-15 17:07:14,717 [WARN] ConditionMgr:438 - getConditionDescription Invalid condition id : LAN8742 Phy interface Condition cause : null
2024-05-15 17:07:14,719 [WARN] PackLoader:240 - Cannot read IP mode file for STMicroelectronics.X-CUBE-AZRTOS-L4.2.0.0
2024-05-15 17:07:14,720 [WARN] ConditionMgr:1039 - genDependencies : Invalid condition id : LAN8742 Phy interface Condition cause : null
2024-05-15 17:07:14,720 [WARN] ConditionMgr:1039 - genDependencies : Invalid condition id : LAN8742 Phy interface Condition cause : null
2024-05-15 17:07:14,721 [WARN] ConditionMgr:1039 - genDependencies : Invalid condition id : LAN8742 Phy interface Condition cause : null
2024-05-15 17:07:14,728 [WARN] PackLoader:240 - Cannot read IP mode file for STMicroelectronics.X-CUBE-SFXS2LP1.4.0.0
2024-05-15 17:07:14,739 [WARN] ConditionMgr:438 - getConditionDescription Invalid condition id : UX DEVICE CLASS RTOS Condition cause : null
2024-05-15 17:07:14,739 [WARN] ConditionMgr:438 - getConditionDescription Invalid condition id : UX DEVICE CLASS RTOS Condition cause : null
2024-05-15 17:07:14,741 [WARN] PackLoader:240 - Cannot read IP mode file for STMicroelectronics.X-CUBE-AZRTOS-WB.2.0.0
2024-05-15 17:07:14,742 [WARN] ConditionMgr:1039 - genDependencies : Invalid condition id : UX DEVICE CLASS RTOS Condition cause : null
2024-05-15 17:07:14,743 [WARN] ConditionMgr:1039 - genDependencies : Invalid condition id : UX DEVICE CLASS RTOS Condition cause : null
2024-05-15 17:07:14,743 [WARN] ConditionMgr:1039 - genDependencies : Invalid condition id : UX DEVICE CLASS RTOS Condition cause : null
2024-05-15 17:07:14,743 [WARN] ConditionMgr:1039 - genDependencies : Invalid condition id : UX DEVICE CLASS RTOS Condition cause : null
2024-05-15 17:07:14,743 [WARN] ConditionMgr:1039 - genDependencies : Invalid condition id : UX DEVICE CLASS RTOS Condition cause : null
2024-05-15 17:07:14,753 [WARN] PackLoader:240 - Cannot read IP mode file for STMicroelectronics.X-CUBE-SUBG2.5.0.0
2024-05-15 17:07:14,761 [WARN] PackLoader:240 - Cannot read IP mode file for Cesanta.I-CUBE-Mongoose.7.13.0
2024-05-15 17:07:14,774 [WARN] PackLoader:240 - Cannot read IP mode file for STMicroelectronics.X-CUBE-AZRTOS-G4.2.0.0
2024-05-15 17:07:14,779 [WARN] PackLoader:240 - Cannot read IP mode file for STMicroelectronics.X-CUBE-ISPU.2.0.0
2024-05-15 17:07:14,811 [WARN] PackLoader:240 - Cannot read IP mode file for STMicroelectronics.X-CUBE-MEMS1.10.0.0
2024-05-15 17:07:14,874 [INFO] WebApp:192 - Starting web application
2024-05-15 17:07:14,874 [INFO] WebApp:544 - Web application path used C:\ST\STM32CubeIDE_1.14.0\STM32CubeIDE\plugins\com.st.stm32cube.common.mx_6.10.0.202311202037\db\plugins\mcufinder\reactClient1\index.html
2024-05-15 17:07:14,919 [WARN] PackLoader:240 - Cannot read IP mode file for STMicroelectronics.X-CUBE-FREERTOS.1.1.0
2024-05-15 17:07:14,924 [WARN] PackLoader:240 - Cannot read IP mode file for portGmbH.I-Cube-SoM-uGOAL.1.1.0
2024-05-15 17:07:14,929 [WARN] PackLoader:240 - Cannot read IP mode file for STMicroelectronics.X-CUBE-ALS.1.0.1
2024-05-15 17:07:14,950 [WARN] PackLoader:240 - Cannot read IP mode file for STMicroelectronics.X-CUBE-AZRTOS-H7RS.1.0.0
2024-05-15 17:07:14,955 [WARN] PackLoader:240 - Cannot read IP mode file for STMicroelectronics.FP-ATR-ASTRA1.2.0.0
2024-05-15 17:07:14,965 [WARN] PackLoader:240 - Cannot read IP mode file for STMicroelectronics.X-CUBE-TOF1.3.4.1
2024-05-15 17:07:14,991 [WARN] PackLoader:240 - Cannot read IP mode file for STMicroelectronics.X-CUBE-AZRTOS-H7.3.2.0
2024-05-15 17:07:15,004 [WARN] PackLoader:240 - Cannot read IP mode file for Infineon.AIROC-Wi-Fi-Bluetooth-STM32.1.6.0
2024-05-15 17:07:15,009 [INFO] ThirdParty:978 - Integrity check success = true
2024-05-15 17:07:15,010 [INFO] IntegrityCheckThread:100 - exiting critical section [integrity check]
2024-05-15 17:07:15,010 [INFO] IntegrityCheckThread:103 - End integrity checks thread
2024-05-15 17:07:35,590 [ERROR] LogOutputStream:75 - [STDERR_REDIRECT] SLF4J: Failed to load class "org.slf4j.impl.StaticLoggerBinder".
2024-05-15 17:07:35,590 [ERROR] LogOutputStream:75 - [STDERR_REDIRECT] SLF4J: Defaulting to no-operation (NOP) logger implementation
2024-05-15 17:07:35,591 [ERROR] LogOutputStream:75 - [STDERR_REDIRECT] SLF4J: See http://www.slf4j.org/codes.html#StaticLoggerBinder for further details.
2024-05-15 17:08:08,808 [ERROR] LogOutputStream:75 - [STDERR_REDIRECT] Exception in thread "SWV client thread" java.lang.NullPointerException: Cannot invoke "com.st.stm32cube.ide.mcu.debug.swv.core.SWVPlugin.isDebugging()" because "com.st.stm32cube.ide.mcu.debug.swv.core.SWVPlugin.plugin" is null
2024-05-15 17:08:08,809 [ERROR] LogOutputStream:75 - [STDERR_REDIRECT] 	at com.st.stm32cube.ide.mcu.debug.swv.core.SWVPlugin.debugTrace(SWVPlugin.java:85)
2024-05-15 17:08:08,810 [ERROR] LogOutputStream:75 - [STDERR_REDIRECT] 	at com.st.stm32cube.ide.mcu.debug.swv.core.SWVClient.TRACE(SWVClient.java:768)
2024-05-15 17:08:08,811 [ERROR] LogOutputStream:75 - [STDERR_REDIRECT] 	at com.st.stm32cube.ide.mcu.debug.swv.core.SWVClient.createProtocolPacket(SWVClient.java:472)
2024-05-15 17:08:08,812 [ERROR] LogOutputStream:75 - [STDERR_REDIRECT] 	at com.st.stm32cube.ide.mcu.debug.swv.core.SWVClient.run(SWVClient.java:370)
2024-05-15 17:08:15,213 [ERROR] LogOutputStream:75 - [STDERR_REDIRECT] 
