2024-04-20 10:30:17,694 [INFO] Activator:176 - 


2024-04-20 10:30:17,699 [INFO] Activator:177 - !SESSION log4j initialized
2024-04-20 10:30:22,561 [INFO] LogOutputStream:77 - [STDOUT_REDIRECT] 
2024-04-20 10:30:28,224 [INFO] ApplicationProperties:184 - Using Application install path: C:\ST\STM32CubeIDE_1.14.0\STM32CubeIDE\plugins\com.st.stm32cube.common.mx_6.10.0.202311202037
2024-04-20 10:30:28,243 [INFO] DbMcusXml:78 - Set database path to: C:\ST\STM32CubeIDE_1.14.0\STM32CubeIDE\plugins\com.st.stm32cube.common.mx_6.10.0.202311202037\\db\/mcu/
2024-04-20 10:30:28,243 [INFO] ApiDb:274 - Set plugin database path to: C:\ST\STM32CubeIDE_1.14.0\STM32CubeIDE\plugins\com.st.stm32cube.common.mx_6.10.0.202311202037\\db\/plugins/boardmanager/
2024-04-20 10:30:28,244 [WARN] ApiDb:259 - Overriding images path with different value:  => C:\ST\STM32CubeIDE_1.14.0\STM32CubeIDE\plugins\com.st.stm32cube.common.mx_6.10.0.202311202037\\db\/plugins/mcufinder/images/
2024-04-20 10:30:28,256 [INFO] ApiDb:250 - Set database path to: C:\Users\pc\.stmcufinder\plugins\mcufinder//mcu/
2024-04-20 10:30:28,257 [INFO] DbMcusAds:125 - Set database path to: C:\Users\pc\.stmcufinder\plugins\mcufinder//mcu/
2024-04-20 10:30:28,259 [INFO] CrossReferenceDbSqlite:203 - Set database path to: C:\Users\pc\.stmcufinder\plugins\mcufinder//mcu/cs/
2024-04-20 10:30:28,351 [INFO] RulesReader:64 - Compatibility file has been processed (297 Rules)
2024-04-20 10:30:28,421 [INFO] DbMcusXml:78 - Set database path to: C:\ST\STM32CubeIDE_1.14.0\STM32CubeIDE\plugins\com.st.stm32cube.common.mx_6.10.0.202311202037\\db\/mcu/
2024-04-20 10:30:28,421 [INFO] ApiDb:274 - Set plugin database path to: C:\ST\STM32CubeIDE_1.14.0\STM32CubeIDE\plugins\com.st.stm32cube.common.mx_6.10.0.202311202037\\db\/plugins/boardmanager/
2024-04-20 10:30:28,421 [INFO] ApiDb:261 - Set plugin images path to: C:\ST\STM32CubeIDE_1.14.0\STM32CubeIDE\plugins\com.st.stm32cube.common.mx_6.10.0.202311202037\\db\/plugins/mcufinder/images/
2024-04-20 10:30:28,421 [WARN] DbFile:41 - Overriding database path with different value: C:\Users\pc\.stmcufinder\plugins\mcufinder/ => C:\Users\pc\.stmcufinder\plugins\mcufinder
2024-04-20 10:30:28,421 [INFO] ApiDb:250 - Set database path to: C:\Users\pc\.stmcufinder\plugins\mcufinder//mcu/
2024-04-20 10:30:28,421 [WARN] DbFile:41 - Overriding database path with different value: C:\Users\pc\.stmcufinder\plugins\mcufinder/ => C:\Users\pc\.stmcufinder\plugins\mcufinder
2024-04-20 10:30:28,421 [INFO] DbMcusAds:125 - Set database path to: C:\Users\pc\.stmcufinder\plugins\mcufinder//mcu/
2024-04-20 10:30:28,421 [WARN] DbFile:41 - Overriding database path with different value: C:\Users\pc\.stmcufinder\plugins\mcufinder/ => C:\Users\pc\.stmcufinder\plugins\mcufinder
2024-04-20 10:30:28,421 [WARN] DbFile:41 - Overriding database path with different value: C:\Users\pc\.stmcufinder\plugins\mcufinder/ => C:\Users\pc\.stmcufinder\plugins\mcufinder
2024-04-20 10:30:28,421 [INFO] CrossReferenceDbSqlite:203 - Set database path to: C:\Users\pc\.stmcufinder\plugins\mcufinder//mcu/cs/
2024-04-20 10:30:28,486 [INFO] MainPanel:264 - HeapMemory: 268435456
2024-04-20 10:30:28,566 [INFO] DbMcusXml:78 - Set database path to: C:\ST\STM32CubeIDE_1.14.0\STM32CubeIDE\plugins\com.st.stm32cube.common.mx_6.10.0.202311202037\\db\/mcu/
2024-04-20 10:30:28,566 [INFO] ApiDb:274 - Set plugin database path to: C:\ST\STM32CubeIDE_1.14.0\STM32CubeIDE\plugins\com.st.stm32cube.common.mx_6.10.0.202311202037\\db\/plugins/boardmanager/
2024-04-20 10:30:28,566 [INFO] ApiDb:261 - Set plugin images path to: C:\ST\STM32CubeIDE_1.14.0\STM32CubeIDE\plugins\com.st.stm32cube.common.mx_6.10.0.202311202037\\db\/plugins/mcufinder/images/
2024-04-20 10:30:28,566 [WARN] DbFile:41 - Overriding database path with different value: C:\Users\pc\.stmcufinder\plugins\mcufinder/ => C:\Users\pc\.stmcufinder\plugins\mcufinder
2024-04-20 10:30:28,566 [INFO] ApiDb:250 - Set database path to: C:\Users\pc\.stmcufinder\plugins\mcufinder//mcu/
2024-04-20 10:30:28,566 [WARN] DbFile:41 - Overriding database path with different value: C:\Users\pc\.stmcufinder\plugins\mcufinder/ => C:\Users\pc\.stmcufinder\plugins\mcufinder
2024-04-20 10:30:28,567 [INFO] DbMcusAds:125 - Set database path to: C:\Users\pc\.stmcufinder\plugins\mcufinder//mcu/
2024-04-20 10:30:28,567 [WARN] DbFile:41 - Overriding database path with different value: C:\Users\pc\.stmcufinder\plugins\mcufinder/ => C:\Users\pc\.stmcufinder\plugins\mcufinder
2024-04-20 10:30:28,567 [WARN] DbFile:41 - Overriding database path with different value: C:\Users\pc\.stmcufinder\plugins\mcufinder/ => C:\Users\pc\.stmcufinder\plugins\mcufinder
2024-04-20 10:30:28,567 [INFO] CrossReferenceDbSqlite:203 - Set database path to: C:\Users\pc\.stmcufinder\plugins\mcufinder//mcu/cs/
2024-04-20 10:30:28,581 [INFO] ApplicationProperties:184 - Using Application install path: C:\ST\STM32CubeIDE_1.14.0\STM32CubeIDE\plugins\com.st.stm32cube.common.mx_6.10.0.202311202037
2024-04-20 10:30:28,581 [INFO] PluginManage:196 - Search for loadable plugins [exclusion list=, ]
2024-04-20 10:30:28,583 [INFO] PluginManage:310 - Check plugin analytics
2024-04-20 10:30:33,662 [INFO] AnalyticsPlugin:253 - Accepted Software Licenses: STM32CubeMX.6.8.1,STM32CubeMX.6.9.1,STM32CubeMX.6.11.0
2024-04-20 10:30:33,662 [INFO] AnalyticsPlugin:255 - Accepted CMSIS Pack Licenses: 
2024-04-20 10:30:33,663 [INFO] AnalyticsPlugin:257 - Accepted Firmware Licenses: FW.F4.1.27.0,FW.F4.1.28.0
2024-04-20 10:30:33,664 [INFO] PluginManage:359 - Loaded plugin analytics (category:tool,tabindex:-1)
2024-04-20 10:30:33,664 [INFO] PluginManage:310 - Check plugin cadmodel
2024-04-20 10:30:33,678 [INFO] CADModel:105 - Init CAD model plugin
2024-04-20 10:30:33,678 [INFO] PluginManage:359 - Loaded plugin cadmodel (category:power,tabindex:5)
2024-04-20 10:30:33,678 [INFO] PluginManage:310 - Check plugin clock
2024-04-20 10:30:33,695 [INFO] PluginManage:359 - Loaded plugin clock (category:base,tabindex:2)
2024-04-20 10:30:33,695 [INFO] PluginManage:310 - Check plugin ddr
2024-04-20 10:30:33,697 [INFO] PluginManage:359 - Loaded plugin ddr (category:tool,tabindex:6)
2024-04-20 10:30:33,697 [INFO] PluginManage:310 - Check plugin filemanager
2024-04-20 10:30:33,799 [INFO] PluginManage:359 - Loaded plugin filemanager (category:base,tabindex:10)
2024-04-20 10:30:33,800 [INFO] PluginManage:310 - Check plugin ipmanager
2024-04-20 10:30:33,805 [INFO] PluginManage:359 - Loaded plugin ipmanager (category:base,tabindex:5)
2024-04-20 10:30:33,805 [INFO] PluginManage:310 - Check plugin lpbam
2024-04-20 10:30:33,820 [INFO] PluginManage:359 - Loaded plugin lpbam (category:base,tabindex:0)
2024-04-20 10:30:33,820 [INFO] PluginManage:310 - Check plugin memorymap
2024-04-20 10:30:33,839 [INFO] PluginManage:359 - Loaded plugin memorymap (category:base,tabindex:4)
2024-04-20 10:30:33,839 [INFO] PluginManage:310 - Check plugin pinoutandconfiguration
2024-04-20 10:30:33,852 [INFO] PluginManage:359 - Loaded plugin pinoutandconfiguration (category:base,tabindex:1)
2024-04-20 10:30:33,852 [INFO] PluginManage:310 - Check plugin pinoutconfig
2024-04-20 10:30:33,928 [WARN] SupportedApi:132 - Cannot load RTOS API schema: s4s-elt-must-match.1: The content of 'definitions' must match (annotation?, (simpleType | complexType)?, (unique | key | keyref)*)). A problem was found starting at: attribute.
2024-04-20 10:30:34,027 [INFO] PluginManage:359 - Loaded plugin pinoutconfig (category:base,tabindex:0)
2024-04-20 10:30:34,027 [INFO] PluginManage:310 - Check plugin power
2024-04-20 10:30:34,043 [INFO] PluginManage:359 - Loaded plugin power (category:power,tabindex:4)
2024-04-20 10:30:34,043 [INFO] PluginManage:310 - Check plugin projectmanager
2024-04-20 10:30:34,055 [INFO] PluginManage:359 - Loaded plugin projectmanager (category:projectmanager,tabindex:3)
2024-04-20 10:30:34,055 [INFO] PluginManage:310 - Check plugin thirdparty
2024-04-20 10:30:34,246 [INFO] PluginManage:359 - Loaded plugin thirdparty (category:base,tabindex:-1)
2024-04-20 10:30:34,246 [WARN] IntegrityCheckThread:84 - waiting for thirdparty lock release [integrity check]
2024-04-20 10:30:34,246 [INFO] PluginManage:310 - Check plugin tools
2024-04-20 10:30:34,246 [INFO] IntegrityCheckThread:86 - entering critical section [integrity check]
2024-04-20 10:30:34,247 [INFO] ThirdPartyUpdaterWithRetryManager:70 - Updater plugin not ready yet. [1/15]
2024-04-20 10:30:34,271 [INFO] PluginManage:359 - Loaded plugin tools (category:base,tabindex:7)
2024-04-20 10:30:34,271 [INFO] PluginManage:310 - Check plugin tutovideos
2024-04-20 10:30:34,428 [INFO] PluginManage:359 - Loaded plugin tutovideos (category:base,tabindex:-1)
2024-04-20 10:30:34,428 [INFO] PluginManage:310 - Check plugin updater
2024-04-20 10:30:34,437 [INFO] PluginManage:359 - Loaded plugin updater (category:base,tabindex:12)
2024-04-20 10:30:34,437 [INFO] PluginManage:310 - Check plugin userauth
2024-04-20 10:30:34,441 [INFO] UserAuth:114 - Init User Auth plugin
2024-04-20 10:30:34,441 [INFO] PluginManage:359 - Loaded plugin userauth (category:base,tabindex:14)
2024-04-20 10:30:34,441 [INFO] PluginManage:283 - PluginManage : Loaded plugins [17]
2024-04-20 10:30:34,606 [INFO] PinOutPanel:1499 - setPackage(No Configuration,No Configuration)
2024-04-20 10:30:34,662 [INFO] CADModel:165 - CPN selected for project level
2024-04-20 10:30:34,663 [INFO] CADModel:114 - Register for checkConnection events
2024-04-20 10:30:34,685 [INFO] IPUIPlugin:80 - create IPUIPlugin
2024-04-20 10:30:34,685 [INFO] PluginManager:220 - loadIPPluginJar : add adc
2024-04-20 10:30:34,709 [INFO] IPUIPlugin:80 - create IPUIPlugin
2024-04-20 10:30:34,710 [INFO] PluginManager:220 - loadIPPluginJar : add aes
2024-04-20 10:30:34,737 [INFO] IPUIPlugin:80 - create IPUIPlugin
2024-04-20 10:30:34,737 [INFO] PluginManager:220 - loadIPPluginJar : add can
2024-04-20 10:30:34,751 [INFO] IPUIPlugin:80 - create IPUIPlugin
2024-04-20 10:30:34,751 [INFO] PluginManager:220 - loadIPPluginJar : add comp
2024-04-20 10:30:34,772 [INFO] IPUIPlugin:80 - create IPUIPlugin
2024-04-20 10:30:34,772 [INFO] PluginManager:220 - loadIPPluginJar : add cryp
2024-04-20 10:30:34,791 [INFO] IPUIPlugin:80 - create IPUIPlugin
2024-04-20 10:30:34,791 [INFO] PluginManager:220 - loadIPPluginJar : add dfsdm
2024-04-20 10:30:34,802 [INFO] IPUIPlugin:80 - create IPUIPlugin
2024-04-20 10:30:34,803 [INFO] PluginManager:220 - loadIPPluginJar : add dma
2024-04-20 10:30:34,832 [INFO] IPUIPlugin:80 - create IPUIPlugin
2024-04-20 10:30:34,832 [INFO] PluginManager:220 - loadIPPluginJar : add dma3
2024-04-20 10:30:34,846 [INFO] IPUIPlugin:80 - create IPUIPlugin
2024-04-20 10:30:34,846 [INFO] PluginManager:220 - loadIPPluginJar : add fatfs
2024-04-20 10:30:34,878 [INFO] IPUIPlugin:80 - create IPUIPlugin
2024-04-20 10:30:34,878 [INFO] PluginManager:220 - loadIPPluginJar : add fmc
2024-04-20 10:30:34,890 [INFO] IPUIPlugin:80 - create IPUIPlugin
2024-04-20 10:30:34,890 [INFO] PluginManager:220 - loadIPPluginJar : add freertos
2024-04-20 10:30:34,904 [INFO] IPUIPlugin:80 - create IPUIPlugin
2024-04-20 10:30:34,904 [INFO] PluginManager:220 - loadIPPluginJar : add genericplugin
2024-04-20 10:30:34,965 [INFO] IPUIPlugin:80 - create IPUIPlugin
2024-04-20 10:30:34,965 [INFO] PluginManager:220 - loadIPPluginJar : add gfxmmu
2024-04-20 10:30:35,050 [INFO] IPUIPlugin:80 - create IPUIPlugin
2024-04-20 10:30:35,050 [INFO] PluginManager:220 - loadIPPluginJar : add gic
2024-04-20 10:30:35,060 [INFO] IPUIPlugin:80 - create IPUIPlugin
2024-04-20 10:30:35,060 [INFO] PluginManager:220 - loadIPPluginJar : add gpio
2024-04-20 10:30:35,123 [INFO] IPUIPlugin:80 - create IPUIPlugin
2024-04-20 10:30:35,123 [INFO] PluginManager:220 - loadIPPluginJar : add gtzc
2024-04-20 10:30:35,144 [INFO] IPUIPlugin:80 - create IPUIPlugin
2024-04-20 10:30:35,144 [INFO] PluginManager:220 - loadIPPluginJar : add hash
2024-04-20 10:30:35,177 [INFO] IPUIPlugin:80 - create IPUIPlugin
2024-04-20 10:30:35,177 [INFO] PluginManager:220 - loadIPPluginJar : add i2c
2024-04-20 10:30:35,203 [INFO] IPUIPlugin:80 - create IPUIPlugin
2024-04-20 10:30:35,203 [INFO] PluginManager:220 - loadIPPluginJar : add i2s
2024-04-20 10:30:35,230 [INFO] IPUIPlugin:80 - create IPUIPlugin
2024-04-20 10:30:35,230 [INFO] PluginManager:220 - loadIPPluginJar : add i3c
2024-04-20 10:30:35,299 [INFO] IPUIPlugin:80 - create IPUIPlugin
2024-04-20 10:30:35,299 [INFO] PluginManager:220 - loadIPPluginJar : add ipddr
2024-04-20 10:30:35,359 [INFO] IPUIPlugin:80 - create IPUIPlugin
2024-04-20 10:30:35,359 [INFO] PluginManager:220 - loadIPPluginJar : add linkedlist
2024-04-20 10:30:35,382 [INFO] IPUIPlugin:80 - create IPUIPlugin
2024-04-20 10:30:35,382 [INFO] PluginManager:220 - loadIPPluginJar : add lorawan
2024-04-20 10:30:35,406 [INFO] IPUIPlugin:80 - create IPUIPlugin
2024-04-20 10:30:35,406 [INFO] PluginManager:220 - loadIPPluginJar : add ltdc
2024-04-20 10:30:35,417 [INFO] IPUIPlugin:80 - create IPUIPlugin
2024-04-20 10:30:35,417 [INFO] PluginManager:220 - loadIPPluginJar : add mdma
2024-04-20 10:30:35,425 [INFO] IPUIPlugin:80 - create IPUIPlugin
2024-04-20 10:30:35,425 [INFO] PluginManager:220 - loadIPPluginJar : add nvic
2024-04-20 10:30:35,449 [INFO] IPUIPlugin:80 - create IPUIPlugin
2024-04-20 10:30:35,449 [INFO] PluginManager:220 - loadIPPluginJar : add opamp
2024-04-20 10:30:35,485 [INFO] IPUIPlugin:80 - create IPUIPlugin
2024-04-20 10:30:35,485 [INFO] PluginManager:220 - loadIPPluginJar : add openamp
2024-04-20 10:30:35,513 [INFO] IPUIPlugin:80 - create IPUIPlugin
2024-04-20 10:30:35,513 [INFO] PluginManager:220 - loadIPPluginJar : add pdm2pcm
2024-04-20 10:30:35,523 [INFO] IPUIPlugin:80 - create IPUIPlugin
2024-04-20 10:30:35,525 [INFO] PluginManager:220 - loadIPPluginJar : add plateformsettings
2024-04-20 10:30:35,541 [INFO] IPUIPlugin:80 - create IPUIPlugin
2024-04-20 10:30:35,541 [INFO] PluginManager:220 - loadIPPluginJar : add quadspi
2024-04-20 10:30:35,550 [INFO] IPUIPlugin:80 - create IPUIPlugin
2024-04-20 10:30:35,550 [INFO] PluginManager:220 - loadIPPluginJar : add resmgrutility
2024-04-20 10:30:35,582 [INFO] IPUIPlugin:80 - create IPUIPlugin
2024-04-20 10:30:35,582 [INFO] PluginManager:220 - loadIPPluginJar : add sai
2024-04-20 10:30:35,610 [INFO] IPUIPlugin:80 - create IPUIPlugin
2024-04-20 10:30:35,611 [INFO] PluginManager:220 - loadIPPluginJar : add spi
2024-04-20 10:30:35,663 [INFO] IPUIPlugin:80 - create IPUIPlugin
2024-04-20 10:30:35,663 [INFO] PluginManager:220 - loadIPPluginJar : add stm32_wpan
2024-04-20 10:30:35,679 [INFO] IPUIPlugin:80 - create IPUIPlugin
2024-04-20 10:30:35,679 [INFO] PluginManager:220 - loadIPPluginJar : add tim
2024-04-20 10:30:35,716 [INFO] IPUIPlugin:80 - create IPUIPlugin
2024-04-20 10:30:35,716 [INFO] PluginManager:220 - loadIPPluginJar : add touchsensing
2024-04-20 10:30:35,731 [INFO] IPUIPlugin:80 - create IPUIPlugin
2024-04-20 10:30:35,731 [INFO] PluginManager:220 - loadIPPluginJar : add tracer_emb
2024-04-20 10:30:35,746 [INFO] IPUIPlugin:80 - create IPUIPlugin
2024-04-20 10:30:35,746 [INFO] PluginManager:220 - loadIPPluginJar : add ts
2024-04-20 10:30:35,760 [INFO] IPUIPlugin:80 - create IPUIPlugin
2024-04-20 10:30:35,760 [INFO] PluginManager:220 - loadIPPluginJar : add tsc
2024-04-20 10:30:35,774 [INFO] IPUIPlugin:80 - create IPUIPlugin
2024-04-20 10:30:35,774 [INFO] PluginManager:220 - loadIPPluginJar : add ucpd
2024-04-20 10:30:35,803 [INFO] IPUIPlugin:80 - create IPUIPlugin
2024-04-20 10:30:35,803 [INFO] PluginManager:220 - loadIPPluginJar : add usart
2024-04-20 10:30:35,832 [INFO] IPUIPlugin:80 - create IPUIPlugin
2024-04-20 10:30:35,832 [INFO] PluginManager:220 - loadIPPluginJar : add usbx
2024-04-20 10:30:35,940 [INFO] CADModel:165 - CPN selected for project level
2024-04-20 10:30:35,940 [INFO] CADModel:114 - Register for checkConnection events
2024-04-20 10:30:35,940 [FATAL] Updater:308 - Updater called before beeing initialized
2024-04-20 10:30:35,941 [ERROR] CADModel:125 - Updater not yet initialized, retry later 
2024-04-20 10:30:36,054 [INFO] CADModel:165 - CPN selected for project level
2024-04-20 10:30:36,054 [INFO] CADModel:114 - Register for checkConnection events
2024-04-20 10:30:36,054 [FATAL] Updater:308 - Updater called before beeing initialized
2024-04-20 10:30:36,054 [ERROR] CADModel:125 - Updater not yet initialized, retry later 
2024-04-20 10:30:36,057 [FATAL] Updater:308 - Updater called before beeing initialized
2024-04-20 10:30:36,121 [FATAL] Updater:308 - Updater called before beeing initialized
2024-04-20 10:30:36,128 [INFO] DbMcusAds:53 - JSON generation date=Wed Nov 29 18:52:27 CST 2023 (1701255147349)
2024-04-20 10:30:36,128 [FATAL] Updater:308 - Updater called before beeing initialized
2024-04-20 10:30:36,191 [WARN] DetailPanel:346 - Failed to get advertising image, set to default
2024-04-20 10:30:36,252 [FATAL] Updater:308 - Updater called before beeing initialized
2024-04-20 10:30:36,254 [FATAL] Updater:308 - Updater called before beeing initialized
2024-04-20 10:30:36,254 [FATAL] Updater:308 - Updater called before beeing initialized
2024-04-20 10:30:36,254 [WARN] DetailPanel:346 - Failed to get advertising image, set to default
2024-04-20 10:30:36,255 [FATAL] Updater:308 - Updater called before beeing initialized
2024-04-20 10:30:36,293 [ERROR] Updater:1120 - MainUpdater not yet initialized. External WinMGr cannot be set.
2024-04-20 10:30:36,301 [INFO] Updater:1056 - Updater Version found : 6.10.0
2024-04-20 10:30:36,319 [INFO] ApplicationProperties:184 - Using Application install path: C:\ST\STM32CubeIDE_1.14.0\STM32CubeIDE\plugins\com.st.stm32cube.common.mx_6.10.0.202311202037
2024-04-20 10:30:36,539 [INFO] MainUpdater:2873 - connection check result : 10
2024-04-20 10:30:36,539 [INFO] MainUpdater:290 - Updater Check For Update Now.
2024-04-20 10:30:36,540 [INFO] MicroXplorer:498 - Change Database Version : DB.6.0.100
2024-04-20 10:30:36,551 [INFO] McuFinderGlobals:63 - Set McuFinder mode to 2 (CubeIDE integrated)
2024-04-20 10:30:36,551 [INFO] UserAuth:180 - activating auth plugin
2024-04-20 10:30:36,553 [INFO] UserAuth:404 - Internet connection configuration mode: 1
2024-04-20 10:30:36,577 [INFO] JxBrowserEngine:152 - Initiate JxBrowser Engine with user profile folder
2024-04-20 10:30:36,708 [INFO] CheckServerUpdateThread:120 - End of CheckServer Thread
2024-04-20 10:30:37,389 [WARN] PackLoader:240 - Cannot read IP mode file for STMicroelectronics.FP-SNS-MOTENVWB1.1.4.0
2024-04-20 10:30:37,402 [WARN] PackLoader:240 - Cannot read IP mode file for STMicroelectronics.X-CUBE-SMBUS.2.1.0
2024-04-20 10:30:37,411 [WARN] PackLoader:240 - Cannot read IP mode file for STMicroelectronics.X-CUBE-TOUCHGFX.4.23.2
2024-04-20 10:30:37,438 [WARN] PackLoader:240 - Cannot read IP mode file for STMicroelectronics.X-CUBE-AZRTOS-F7.1.1.0
2024-04-20 10:30:37,450 [WARN] PackLoader:240 - Cannot read IP mode file for STMicroelectronics.FP-SNS-FLIGHT1.5.0.2
2024-04-20 10:30:37,463 [WARN] PackLoader:240 - Cannot read IP mode file for STMicroelectronics.X-CUBE-DISPLAY.3.0.0
2024-04-20 10:30:37,477 [WARN] PackLoader:240 - Cannot read IP mode file for STMicroelectronics.X-CUBE-BLE1.7.0.0
2024-04-20 10:30:37,487 [WARN] PackLoader:240 - Cannot read IP mode file for emotas.I-CUBE-CANOPEN.1.3.0
2024-04-20 10:30:37,499 [WARN] PackLoader:240 - Cannot read IP mode file for STMicroelectronics.X-CUBE-BLEMGR.3.1.0
2024-04-20 10:30:37,509 [WARN] PackLoader:240 - Cannot read IP mode file for STMicroelectronics.FP-SNS-SMARTAG2.1.2.0
2024-04-20 10:30:37,523 [INFO] LogOutputStream:77 - [STDOUT_REDIRECT] 1 : Invalid condition id : UX_CORESTACK_Condition cause : null
2024-04-20 10:30:37,523 [INFO] LogOutputStream:77 - [STDOUT_REDIRECT] 1 : Invalid condition id : UX_CORESTACK_Condition cause : null
2024-04-20 10:30:37,524 [INFO] LogOutputStream:77 - [STDOUT_REDIRECT] 1 : Invalid condition id : UX_CORESTACK_Condition cause : null
2024-04-20 10:30:37,525 [INFO] LogOutputStream:77 - [STDOUT_REDIRECT] 1 : Invalid condition id : UX_CORESTACK_Condition cause : null
2024-04-20 10:30:37,525 [INFO] LogOutputStream:77 - [STDOUT_REDIRECT] 1 : Invalid condition id : UX_CORESTACK_Condition cause : null
2024-04-20 10:30:37,533 [WARN] PackLoader:240 - Cannot read IP mode file for STMicroelectronics.X-CUBE-AZRTOS-WL.2.0.0
2024-04-20 10:30:37,542 [WARN] PackLoader:240 - Cannot read IP mode file for STMicroelectronics.FP-SNS-MOTENV1.5.0.0
2024-04-20 10:30:37,554 [WARN] PackLoader:240 - Cannot read IP mode file for WES.I-CUBE-Cesium.1.3.0
2024-04-20 10:30:37,563 [WARN] PackLoader:240 - Cannot read IP mode file for STMicroelectronics.X-CUBE-BLE2.3.3.0
2024-04-20 10:30:37,572 [WARN] PackLoader:240 - Cannot read IP mode file for STMicroelectronics.X-CUBE-TCPP.4.1.0
2024-04-20 10:30:37,582 [WARN] PackLoader:240 - Cannot read IP mode file for STMicroelectronics.X-CUBE-ALGOBUILD.1.3.0
2024-04-20 10:30:37,603 [WARN] PackLoader:240 - Cannot read IP mode file for STMicroelectronics.X-CUBE-AZRTOS-G0.1.1.0
2024-04-20 10:30:37,615 [WARN] PackLoader:240 - Cannot read IP mode file for STMicroelectronics.X-CUBE-SAFEA1.1.2.2
2024-04-20 10:30:37,624 [WARN] PackLoader:240 - Cannot read IP mode file for STMicroelectronics.X-CUBE-NFC4.3.0.0
2024-04-20 10:30:37,633 [WARN] PackLoader:240 - Cannot read IP mode file for wolfSSL.I-CUBE-wolfSSL.5.7.0
2024-04-20 10:30:37,641 [WARN] PackLoader:240 - Cannot read IP mode file for STMicroelectronics.FP-ATR-SIGFOX1.3.2.0
2024-04-20 10:30:37,651 [WARN] PackLoader:240 - Cannot read IP mode file for STMicroelectronics.X-CUBE-EEPRMA1.5.1.0
2024-04-20 10:30:37,662 [WARN] PackLoader:240 - Cannot read IP mode file for ITTIA_DB.I-CUBE-ITTIADB.8.9.0
2024-04-20 10:30:37,689 [WARN] PackLoader:240 - Cannot read IP mode file for SEGGER.I-CUBE-embOS.1.3.1
2024-04-20 10:30:37,720 [WARN] PackLoader:240 - Cannot read IP mode file for STMicroelectronics.X-CUBE-GNSS1.6.0.0
2024-04-20 10:30:37,739 [WARN] PackLoader:240 - Cannot read IP mode file for STMicroelectronics.X-CUBE-AZRTOS-F4.1.1.0
2024-04-20 10:30:37,770 [WARN] PackLoader:240 - Cannot read IP mode file for STMicroelectronics.X-CUBE-AZRTOS-L5.2.0.0
2024-04-20 10:30:37,783 [WARN] PackLoader:240 - Cannot read IP mode file for STMicroelectronics.X-CUBE-NFC6.3.1.0
2024-04-20 10:30:37,798 [WARN] PackLoader:240 - Cannot read IP mode file for STMicroelectronics.X-CUBE-AI.9.0.0
2024-04-20 10:30:37,824 [WARN] PackLoader:240 - Cannot read IP mode file for STMicroelectronics.X-CUBE-NFC7.1.0.1
2024-04-20 10:30:37,852 [WARN] ConditionMgr:438 - getConditionDescription Invalid condition id : LAN8742 Phy interface Condition cause : null
2024-04-20 10:30:37,852 [WARN] PackLoader:240 - Cannot read IP mode file for STMicroelectronics.X-CUBE-AZRTOS-L4.2.0.0
2024-04-20 10:30:37,853 [WARN] ConditionMgr:1039 - genDependencies : Invalid condition id : LAN8742 Phy interface Condition cause : null
2024-04-20 10:30:37,853 [WARN] ConditionMgr:1039 - genDependencies : Invalid condition id : LAN8742 Phy interface Condition cause : null
2024-04-20 10:30:37,853 [WARN] ConditionMgr:1039 - genDependencies : Invalid condition id : LAN8742 Phy interface Condition cause : null
2024-04-20 10:30:37,865 [WARN] PackLoader:240 - Cannot read IP mode file for STMicroelectronics.X-CUBE-SFXS2LP1.4.0.0
2024-04-20 10:30:37,884 [WARN] ConditionMgr:438 - getConditionDescription Invalid condition id : UX DEVICE CLASS RTOS Condition cause : null
2024-04-20 10:30:37,884 [WARN] ConditionMgr:438 - getConditionDescription Invalid condition id : UX DEVICE CLASS RTOS Condition cause : null
2024-04-20 10:30:37,885 [WARN] PackLoader:240 - Cannot read IP mode file for STMicroelectronics.X-CUBE-AZRTOS-WB.2.0.0
2024-04-20 10:30:37,886 [WARN] ConditionMgr:1039 - genDependencies : Invalid condition id : UX DEVICE CLASS RTOS Condition cause : null
2024-04-20 10:30:37,886 [WARN] ConditionMgr:1039 - genDependencies : Invalid condition id : UX DEVICE CLASS RTOS Condition cause : null
2024-04-20 10:30:37,886 [WARN] ConditionMgr:1039 - genDependencies : Invalid condition id : UX DEVICE CLASS RTOS Condition cause : null
2024-04-20 10:30:37,886 [WARN] ConditionMgr:1039 - genDependencies : Invalid condition id : UX DEVICE CLASS RTOS Condition cause : null
2024-04-20 10:30:37,886 [WARN] ConditionMgr:1039 - genDependencies : Invalid condition id : UX DEVICE CLASS RTOS Condition cause : null
2024-04-20 10:30:37,899 [WARN] PackLoader:240 - Cannot read IP mode file for STMicroelectronics.X-CUBE-SUBG2.5.0.0
2024-04-20 10:30:37,921 [WARN] PackLoader:240 - Cannot read IP mode file for STMicroelectronics.X-CUBE-AZRTOS-G4.2.0.0
2024-04-20 10:30:37,931 [WARN] PackLoader:240 - Cannot read IP mode file for STMicroelectronics.X-CUBE-ISPU.2.0.0
2024-04-20 10:30:37,962 [WARN] PackLoader:240 - Cannot read IP mode file for STMicroelectronics.X-CUBE-MEMS1.10.0.0
2024-04-20 10:30:38,027 [WARN] PackLoader:240 - Cannot read IP mode file for STMicroelectronics.X-CUBE-FREERTOS.1.1.0
2024-04-20 10:30:38,037 [WARN] PackLoader:240 - Cannot read IP mode file for portGmbH.I-Cube-SoM-uGOAL.1.1.0
2024-04-20 10:30:38,046 [WARN] PackLoader:240 - Cannot read IP mode file for STMicroelectronics.X-CUBE-ALS.1.0.1
2024-04-20 10:30:38,066 [WARN] PackLoader:240 - Cannot read IP mode file for STMicroelectronics.X-CUBE-AZRTOS-H7RS.1.0.0
2024-04-20 10:30:38,076 [WARN] PackLoader:240 - Cannot read IP mode file for STMicroelectronics.FP-ATR-ASTRA1.2.0.0
2024-04-20 10:30:38,092 [WARN] PackLoader:240 - Cannot read IP mode file for STMicroelectronics.X-CUBE-TOF1.3.4.1
2024-04-20 10:30:38,117 [WARN] PackLoader:240 - Cannot read IP mode file for STMicroelectronics.X-CUBE-AZRTOS-H7.3.2.0
2024-04-20 10:30:38,138 [WARN] PackLoader:240 - Cannot read IP mode file for Infineon.AIROC-Wi-Fi-Bluetooth-STM32.1.6.0
2024-04-20 10:30:38,142 [INFO] ThirdParty:978 - Integrity check success = true
2024-04-20 10:30:38,142 [INFO] IntegrityCheckThread:100 - exiting critical section [integrity check]
2024-04-20 10:30:38,142 [INFO] IntegrityCheckThread:103 - End integrity checks thread
2024-04-20 10:30:39,400 [INFO] WebApp:161 - Instantiating new browser for Auth
2024-04-20 10:30:39,890 [INFO] WebApp:780 - Register for checkConnection events
2024-04-20 10:30:39,890 [INFO] WebApp:414 - Apply proxy settings
2024-04-20 10:30:39,890 [INFO] WebApp:499 - Chromium requires no authentication
2024-04-20 10:30:39,896 [INFO] WebApp:442 - Direct internet connection detected
2024-04-20 10:30:40,022 [INFO] WebApp:192 - Starting web application
2024-04-20 10:30:40,022 [INFO] WebApp:544 - Web application path used C:\ST\STM32CubeIDE_1.14.0\STM32CubeIDE\plugins\com.st.stm32cube.common.mx_6.10.0.202311202037\db\plugins\mcufinder\reactClient1\index.html
2024-04-20 10:31:00,669 [ERROR] LogOutputStream:75 - [STDERR_REDIRECT] SLF4J: Failed to load class "org.slf4j.impl.StaticLoggerBinder".
2024-04-20 10:31:00,669 [ERROR] LogOutputStream:75 - [STDERR_REDIRECT] SLF4J: Defaulting to no-operation (NOP) logger implementation
2024-04-20 10:31:00,670 [ERROR] LogOutputStream:75 - [STDERR_REDIRECT] SLF4J: See http://www.slf4j.org/codes.html#StaticLoggerBinder for further details.
2024-04-20 10:34:43,222 [ERROR] LogOutputStream:75 - [STDERR_REDIRECT] 
