10:33:45 **** Incremental Build of configuration Debug for project Cueing-Laser-IDE ****
make -j16 all 
arm-none-eabi-gcc "../Core/Src/main.c" -mcpu=cortex-m4 -std=gnu11 -g3 -DDEBUG -DUSE_HAL_DRIVER -DSTM32F446xx -c -I../Core/Inc -I../Drivers/STM32F4xx_HAL_Driver/Inc -I../Drivers/STM32F4xx_HAL_Driver/Inc/Legacy -I../Drivers/CMSIS/Device/ST/STM32F4xx/Include -I../Drivers/CMSIS/Include -O0 -ffunction-sections -fdata-sections -Wall -fstack-usage -fcyclomatic-complexity -MMD -MP -MF"Core/Src/main.d" -MT"Core/Src/main.o" --specs=nano.specs -mfpu=fpv4-sp-d16 -mfloat-abi=hard -mthumb -o "Core/Src/main.o"
../Core/Src/main.c: In function 'main':
../Core/Src/main.c:113:41: warning: ', Az: ' directive writing 6 bytes into a region of size between 0 and 4 [-Wformat-overflow=]
  113 |   sprintf(buffer,"Ax: %.2f, Ay: %.2f, Az: %.2f ",data.Ax, data.Ay, data.Az);
      |                                     ~~~~^~
../Core/Src/main.c:113:18: note: assuming directive output of 4 bytes
  113 |   sprintf(buffer,"Ax: %.2f, Ay: %.2f, Az: %.2f ",data.Ax, data.Ay, data.Az);
      |                  ^~~~~~~~~~~~~~~~~~~~~~~~~~~~~~~
../Core/Src/main.c:113:3: note: 'sprintf' output between 27 and 957 bytes into a destination of size 20
  113 |   sprintf(buffer,"Ax: %.2f, Ay: %.2f, Az: %.2f ",data.Ax, data.Ay, data.Az);
      |   ^~~~~~~~~~~~~~~~~~~~~~~~~~~~~~~~~~~~~~~~~~~~~~~~~~~~~~~~~~~~~~~~~~~~~~~~~
arm-none-eabi-gcc -o "Cueing-Laser-IDE.elf" @"objects.list"   -mcpu=cortex-m4 -T"C:\Users\pc\Documents\Lazer-light-cueing\Firmware\Cueing-Laser-IDE\STM32F446RETX_FLASH.ld" --specs=nosys.specs -Wl,-Map="Cueing-Laser-IDE.map" -Wl,--gc-sections -static -u_printf_float --specs=nano.specs -mfpu=fpv4-sp-d16 -mfloat-abi=hard -mthumb -Wl,--start-group -lc -lm -Wl,--end-group
Finished building target: Cueing-Laser-IDE.elf
 
arm-none-eabi-size  Cueing-Laser-IDE.elf 
arm-none-eabi-objdump -h -S Cueing-Laser-IDE.elf  > "Cueing-Laser-IDE.list"
   text	   data	    bss	    dec	    hex	filename
  28792	    468	   2152	  31412	   7ab4	Cueing-Laser-IDE.elf
Finished building: default.size.stdout
 
Finished building: Cueing-Laser-IDE.list
 
