Removed Pin From Net: NetName=GND Pin=ADC1-1
Removed Pin From Net: NetName=INPUT_2 Pin=ADC1-4
Removed Pin From Net: NetName=INPUT_1 Pin=ADC1-5
Removed Pin From Net: NetName=UART_Tx Pin=U1-42
Removed Pin From Net: NetName=UART_Rx Pin=U1-43
Removed Pin From Net: NetName=0.4V Pin=U3-3
Removed Pin From Net: NetName=GND Pin=U3-4
Removed Pin From Net: NetName=0.4V Pin=U3-5
Removed Pin From Net: NetName=+AVCC Pin=U3-8
Removed Member From Class: ClassName=ADC Member=ADC1
Removed Member From Class: ClassName=ADC Member=C14
Removed Member From Class: ClassName=ADC Member=C16
Removed Member From Class: ClassName=ADC Member=R9
Removed Member From Class: ClassName=ADC Member=R11
Removed Member From Class: ClassName=ADC Member=U3
Change Component Designator: OldDesignator=I/O2 NewDesignator=JP11
Change Component Designator: OldDesignator=SWD/JTAG NewDesignator=SWD/JTAG1
Added Component: Designator=ADC(CON 3 3EDG5.08)
Add component (AddParameter): Name = "Chung_Loai"; Value = "C?m"; VariantName = "[No Variations]"
Add component (AddParameter): Name = "Don_Vi"; Value = "Con"; VariantName = "[No Variations]"
Add component (AddParameter): Name = "Ghi_Chu"; Value = ""; VariantName = "[No Variations]"
Add component (AddParameter): Name = "Kieu_Chan"; Value = ""; VariantName = "[No Variations]"
Add component (AddParameter): Name = "Ma_Hang"; Value = "MH000760"; VariantName = "[No Variations]"
Add component (AddParameter): Name = "Ten_Linh_Kien"; Value = "CON 3 2EDG5.08-3P 5.08MM ( Xanh Cong)"; VariantName = "[No Variations]"
Added Pin To Net: NetName=GND Pin=ADC-1
Added Pin To Net: NetName=INPUT_2 Pin=ADC-2
Added Pin To Net: NetName=INPUT_1 Pin=ADC-3
Added Pin To Net: NetName=UART_Tx Pin=U1-16
Added Pin To Net: NetName=UART_Rx Pin=U1-17
Added Member To Class: ClassName=ADC Member=Component ADC CON 3 EDG5.08
