Removed Pin From Net: NetName=PC9 Pin=R13-1
Removed Pin From Net: NetName=GND Pin=R14-1
Removed Pin From Net: NetName=PC8 Pin=R15-1
Removed Pin From Net: NetName=GND Pin=R16-1
Removed Pin From Net: NetName=PC6 Pin=R17-1
Removed Pin From Net: NetName=GND Pin=R18-1
Removed Pin From Net: NetName=PC7 Pin=R19-1
Removed Pin From Net: NetName=GND Pin=R20-1
Removed Member From Class: ClassName=Driver Member=R13
Removed Member From Class: ClassName=Driver Member=R14
Removed Member From Class: ClassName=Driver Member=R15
Removed Member From Class: ClassName=Driver Member=R16
Removed Member From Class: ClassName=Driver Member=R17
Removed Member From Class: ClassName=Driver Member=R18
Removed Member From Class: ClassName=Driver Member=R19
Removed Member From Class: ClassName=Driver Member=R20
Change Component Description : Designator=U8 Old Description=Accelerometer, Gyroscope, Magnetometer, 9 Axis Sensor I²C, SPI Output New Description=Accelerometer, Gyroscope, Magnetometer, 9 Axis Sensor I²C, SPI Output 
Added Pin To Net: NetName=PC9 Pin=Q1-1
Added Pin To Net: NetName=PC8 Pin=Q2-1
Added Pin To Net: NetName=PC6 Pin=Q3-1
Added Pin To Net: NetName=PC7 Pin=Q4-1
