Removed Pin From Net: NetName=GND Pin=I/O1-5
Removed Pin From Net: NetName=PB15 Pin=I/O1-6
Removed Pin From Net: NetName=PB14 Pin=I/O1-7
Removed Pin From Net: NetName=PB13 Pin=I/O1-8
Removed Pin From Net: NetName=PB12 Pin=I/O1-9
Removed Pin From Net: NetName=PB10 Pin=I/O1-10
Change Component Footprint: Designator=I/O1 Old Footprint=JP 2x5 DT New Footprint=JP 2x4 DT
Change Component Comment : Designator=I/O1 Old Comment=JP 2x5 2.54 New Comment=JP 2x4 2.54
Change Component Designator: OldDesignator=Batterry NewDesignator=Batterry1
Change Component Designator: OldDesignator=Boot NewDesignator=Boot1
Change Component Designator: OldDesignator=MCU NewDesignator=AMS1
Change Component Designator: OldDesignator=PWM1 NewDesignator=JP2
Change Component Designator: OldDesignator=PWM2 NewDesignator=JP3
Change Component Designator: OldDesignator=PWM3 NewDesignator=JP4
Change Component Designator: OldDesignator=PWM4 NewDesignator=JP5
Change Component Designator: OldDesignator=Reset NewDesignator=Reset1
Change Component Designator: OldDesignator=SWD/JTAG NewDesignator=SWD/JTAG1
Change Component Designator: OldDesignator=USB NewDesignator=J1
Added Pin To Net: NetName=PB15 Pin=I/O1-5
Added Pin To Net: NetName=PB14 Pin=I/O1-6
Added Pin To Net: NetName=PB13 Pin=I/O1-7
Added Pin To Net: NetName=PB12 Pin=I/O1-8
