Removed Pin From Net: NetName=+3.3V_STM32 Pin=AMS1-2
Removed Pin From Net: NetName=+3.3V_STM32 Pin=AMS1-4
Removed Pin From Net: NetName=+3.3V_STM32 Pin=AMS2-2
Removed Pin From Net: NetName=+3.3V_STM32 Pin=AMS2-4
Removed Pin From Net: NetName=+3.3V_STM32 Pin=C5-1
Removed Pin From Net: NetName=+3.3V_STM32 Pin=C6-1
Removed Pin From Net: NetName=+3.3V_STM32 Pin=C7-1
Removed Pin From Net: NetName=+3.3V_STM32 Pin=C8-1
Removed Pin From Net: NetName=+3.3V_STM32 Pin=C9-1
Removed Pin From Net: NetName=+3.3V_STM32 Pin=C10-1
Removed Pin From Net: NetName=+3.3V_STM32 Pin=C11-1
Removed Pin From Net: NetName=+3.3V_STM32 Pin=C12-1
Removed Pin From Net: NetName=+3.3V_STM32 Pin=C17-1
Removed Pin From Net: NetName=+3.3V_STM32 Pin=C20-1
Removed Pin From Net: NetName=+3.3V_STM32 Pin=JP1-1
Removed Pin From Net: NetName=+3.3V_STM32 Pin=L1-1
Removed Pin From Net: NetName=+3.3V_STM32 Pin=R1-2
Removed Pin From Net: NetName=+3.3V_STM32 Pin=R2-2
Removed Pin From Net: NetName=+3.3V_STM32 Pin=R3-2
Removed Pin From Net: NetName=+3.3V_STM32 Pin=R4-2
Removed Pin From Net: NetName=+3.3V_STM32 Pin=R5-2
Removed Pin From Net: NetName=+3.3V_STM32 Pin=R6-2
Removed Pin From Net: NetName=+3.3V_STM32 Pin=SWD/JTAG1-1
Removed Pin From Net: NetName=+3.3V_STM32 Pin=SWD/JTAG1-20
Removed Pin From Net: NetName=+3.3V_STM32 Pin=U1-1
Removed Pin From Net: NetName=+3.3V_STM32 Pin=U1-13
Removed Pin From Net: NetName=+3.3V_STM32 Pin=U1-19
Removed Pin From Net: NetName=+3.3V_STM32 Pin=U1-30
Removed Pin From Net: NetName=+3.3V_STM32 Pin=U1-32
Removed Pin From Net: NetName=+3.3V_STM32 Pin=U1-48
Removed Pin From Net: NetName=+3.3V_STM32 Pin=U1-64
Change Net Name : Old Net Name=+3.3V_STM32 New Net Name=GND
Added Pin To Net: NetName=+3.3V_STM32 Pin=AMS1-2
Added Pin To Net: NetName=+3.3V_STM32 Pin=AMS1-4
Added Pin To Net: NetName=+3.3V_STM32 Pin=C5-1
Added Pin To Net: NetName=+3.3V_STM32 Pin=C6-1
Added Pin To Net: NetName=+3.3V_STM32 Pin=C7-1
Added Pin To Net: NetName=+3.3V_STM32 Pin=C8-1
Added Pin To Net: NetName=+3.3V_STM32 Pin=C9-1
Added Pin To Net: NetName=+3.3V_STM32 Pin=C10-1
Added Pin To Net: NetName=+3.3V_STM32 Pin=C11-1
Added Pin To Net: NetName=+3.3V_STM32 Pin=C12-1
Added Pin To Net: NetName=+3.3V_STM32 Pin=C17-1
Added Pin To Net: NetName=+3.3V_STM32 Pin=JP1-1
Added Pin To Net: NetName=+3.3V_STM32 Pin=L1-1
Added Pin To Net: NetName=+3.3V_STM32 Pin=R1-2
Added Pin To Net: NetName=+3.3V_STM32 Pin=R2-2
Added Pin To Net: NetName=+3.3V_STM32 Pin=R3-2
Added Pin To Net: NetName=+3.3V_STM32 Pin=R4-2
Added Pin To Net: NetName=+3.3V_STM32 Pin=R5-2
Added Pin To Net: NetName=+3.3V_STM32 Pin=R6-2
Added Pin To Net: NetName=+3.3V_STM32 Pin=SWD/JTAG1-1
Added Pin To Net: NetName=+3.3V_STM32 Pin=SWD/JTAG1-20
Added Pin To Net: NetName=+3.3V_STM32 Pin=U1-1
Added Pin To Net: NetName=+3.3V_STM32 Pin=U1-13
Added Pin To Net: NetName=+3.3V_STM32 Pin=U1-19
Added Pin To Net: NetName=+3.3V_STM32 Pin=U1-30
Added Pin To Net: NetName=+3.3V_STM32 Pin=U1-32
Added Pin To Net: NetName=+3.3V_STM32 Pin=U1-48
Added Pin To Net: NetName=+3.3V_STM32 Pin=U1-64
Added Net: Name=+3.3V_STM32
Added Pin To Net: NetName=+AVCC Pin=AMS2-2
Added Pin To Net: NetName=+AVCC Pin=AMS2-4
Added Pin To Net: NetName=+AVCC Pin=C20-1
Added Net: Name=+AVCC
