Change Component Designator: Old Designator=Batterry New Designator=Batterry1
Change Component Designator: Old Designator=C17 New Designator=C16
Change Component Designator: Old Designator=C20 New Designator=C17
Change Component Designator: Old Designator=C21 New Designator=C18
Change Component Designator: Old Designator=C22 New Designator=C19
Change Component Designator: Old Designator=C24 New Designator=C22
Change Component Designator: Old Designator=C26 New Designator=C23
Change Component Designator: Old Designator=C27 New Designator=C24
Change Component Designator: Old Designator=C28 New Designator=C25
Change Component Designator: Old Designator=C? New Designator=C15
Change Component Designator: Old Designator=C? New Designator=C20
Change Component Designator: Old Designator=C? New Designator=C21
Change Component Designator: Old Designator=D1 New Designator=D5
Change Component Designator: Old Designator=D2 New Designator=D1
Change Component Designator: Old Designator=D3 New Designator=D2
Change Component Designator: Old Designator=D4 New Designator=D3
Change Component Designator: Old Designator=D5 New Designator=D4
Change Component Designator: Old Designator=Power Options New Designator=Power Options1
Change Component Designator: Old Designator=R12 New Designator=R11
Change Component Designator: Old Designator=R13 New Designator=R12
Change Component Designator: Old Designator=U6 New Designator=U8
Change Component Designator: Old Designator=U? New Designator=U3
Change Component Designator: Old Designator=U? New Designator=U5
Change Component Designator: Old Designator=U? New Designator=U6
Change Component Designator: Old Designator=U? New Designator=U7
