Removed Pin From Net: NetName=PC5 Pin=I/O1-2
Removed Pin From Net: NetName=PC6 Pin=I/O1-3
Removed Pin From Net: NetName=PC7 Pin=I/O1-4
Removed Pin From Net: NetName=PC8 Pin=I/O1-5
Removed Pin From Net: NetName=PC9 Pin=I/O1-6
Removed Pin From Net: NetName=PB0 Pin=I/O1-12
Removed Pin From Net: NetName=PC5 Pin=U1-25
Removed Pin From Net: NetName=PB0 Pin=U1-26
Removed Pin From Net: NetName=PB1 Pin=U1-27
Removed Pin From Net: NetName=PB2 Pin=U1-28
Removed Member From Class: ClassName=ADC Member=C14
Removed Member From Class: ClassName=ADC Member=C15
Removed Member From Class: ClassName=ADC Member=U3
Change Component Designator: OldDesignator=C? NewDesignator=C27
Change Component Designator: OldDesignator=C? NewDesignator=C28
Change Component Designator: OldDesignator=Power Options NewDesignator=S1
Change Component Designator: OldDesignator=R? NewDesignator=R20
Change Component Designator: OldDesignator=R? NewDesignator=R21
Change Component Designator: OldDesignator=U? NewDesignator=U6
Added Component: Designator=C29(tu 1206)
Add component (AddParameter): Name = "Chung_Loai"; Value = "Dán"; VariantName = "[No Variations]"
Add component (AddParameter): Name = "Don_Vi"; Value = "Con"; VariantName = "[No Variations]"
Add component (AddParameter): Name = "Kieu_Chan"; Value = ""; VariantName = "[No Variations]"
Add component (AddParameter): Name = "Ma_Hang"; Value = "MH004544"; VariantName = "[No Variations]"
Add component (AddParameter): Name = "So_Chan"; Value = "2"; VariantName = "[No Variations]"
Add component (AddParameter): Name = "Ten_Linh_Kien"; Value = "T? 1206 104-0.1uF 20% 50V"; VariantName = "[No Variations]"
Added Component: Designator=C30(tu 1206)
Add component (AddParameter): Name = "Chung_Loai"; Value = "Dán"; VariantName = "[No Variations]"
Add component (AddParameter): Name = "Don_Vi"; Value = "Con"; VariantName = "[No Variations]"
Add component (AddParameter): Name = "Kieu_Chan"; Value = ""; VariantName = "[No Variations]"
Add component (AddParameter): Name = "Ma_Hang"; Value = "MH004544"; VariantName = "[No Variations]"
Add component (AddParameter): Name = "So_Chan"; Value = "2"; VariantName = "[No Variations]"
Add component (AddParameter): Name = "Ten_Linh_Kien"; Value = "T? 1206 104-0.1uF 20% 50V"; VariantName = "[No Variations]"
Added Component: Designator=C31(tu 1206)
Add component (AddParameter): Name = "Chung_Loai"; Value = "Dán"; VariantName = "[No Variations]"
Add component (AddParameter): Name = "Don_Vi"; Value = "Con"; VariantName = "[No Variations]"
Add component (AddParameter): Name = "Kieu_Chan"; Value = ""; VariantName = "[No Variations]"
Add component (AddParameter): Name = "Ma_Hang"; Value = "MH004544"; VariantName = "[No Variations]"
Add component (AddParameter): Name = "So_Chan"; Value = "2"; VariantName = "[No Variations]"
Add component (AddParameter): Name = "Ten_Linh_Kien"; Value = "T? 1206 104-0.1uF 20% 50V"; VariantName = "[No Variations]"
Added Component: Designator=MD1(NRF24L01)
Added Component: Designator=Q5(SOT23)
Add component (AddParameter): Name = "Availability"; Value = "Unavailable"; VariantName = "[No Variations]"
Add component (AddParameter): Name = "MF"; Value = "{'manufacturer': u'Micro Commercial Components'}"; VariantName = "[No Variations]"
Add component (AddParameter): Name = "MP"; Value = "SI2312-TP"; VariantName = "[No Variations]"
Add component (AddParameter): Name = "Package"; Value = "None"; VariantName = "[No Variations]"
Add component (AddParameter): Name = "Price"; Value = "None"; VariantName = "[No Variations]"
Add component (AddParameter): Name = "Value"; Value = ""; VariantName = "[No Variations]"
Added Component: Designator=Q6(SOT23)
Add component (AddParameter): Name = "Availability"; Value = "Unavailable"; VariantName = "[No Variations]"
Add component (AddParameter): Name = "MF"; Value = "{'manufacturer': u'Micro Commercial Components'}"; VariantName = "[No Variations]"
Add component (AddParameter): Name = "MP"; Value = "SI2312-TP"; VariantName = "[No Variations]"
Add component (AddParameter): Name = "Package"; Value = "None"; VariantName = "[No Variations]"
Add component (AddParameter): Name = "Price"; Value = "None"; VariantName = "[No Variations]"
Add component (AddParameter): Name = "Value"; Value = ""; VariantName = "[No Variations]"
Added Component: Designator=Q7(SOT23)
Add component (AddParameter): Name = "Availability"; Value = "Unavailable"; VariantName = "[No Variations]"
Add component (AddParameter): Name = "MF"; Value = "{'manufacturer': u'Micro Commercial Components'}"; VariantName = "[No Variations]"
Add component (AddParameter): Name = "MP"; Value = "SI2312-TP"; VariantName = "[No Variations]"
Add component (AddParameter): Name = "Package"; Value = "None"; VariantName = "[No Variations]"
Add component (AddParameter): Name = "Price"; Value = "None"; VariantName = "[No Variations]"
Add component (AddParameter): Name = "Value"; Value = ""; VariantName = "[No Variations]"
Added Component: Designator=Q8(SOT23)
Add component (AddParameter): Name = "Availability"; Value = "Unavailable"; VariantName = "[No Variations]"
Add component (AddParameter): Name = "MF"; Value = "{'manufacturer': u'Micro Commercial Components'}"; VariantName = "[No Variations]"
Add component (AddParameter): Name = "MP"; Value = "SI2312-TP"; VariantName = "[No Variations]"
Add component (AddParameter): Name = "Package"; Value = "None"; VariantName = "[No Variations]"
Add component (AddParameter): Name = "Price"; Value = "None"; VariantName = "[No Variations]"
Add component (AddParameter): Name = "Value"; Value = ""; VariantName = "[No Variations]"
Added Component: Designator=Q9(SOT23)
Add component (AddParameter): Name = "Availability"; Value = "Unavailable"; VariantName = "[No Variations]"
Add component (AddParameter): Name = "MF"; Value = "{'manufacturer': u'Micro Commercial Components'}"; VariantName = "[No Variations]"
Add component (AddParameter): Name = "MP"; Value = "SI2312-TP"; VariantName = "[No Variations]"
Add component (AddParameter): Name = "Package"; Value = "None"; VariantName = "[No Variations]"
Add component (AddParameter): Name = "Price"; Value = "None"; VariantName = "[No Variations]"
Add component (AddParameter): Name = "Value"; Value = ""; VariantName = "[No Variations]"
Added Component: Designator=Q10(SOT23)
Add component (AddParameter): Name = "Availability"; Value = "Unavailable"; VariantName = "[No Variations]"
Add component (AddParameter): Name = "MF"; Value = "{'manufacturer': u'Micro Commercial Components'}"; VariantName = "[No Variations]"
Add component (AddParameter): Name = "MP"; Value = "SI2312-TP"; VariantName = "[No Variations]"
Add component (AddParameter): Name = "Package"; Value = "None"; VariantName = "[No Variations]"
Add component (AddParameter): Name = "Price"; Value = "None"; VariantName = "[No Variations]"
Add component (AddParameter): Name = "Value"; Value = ""; VariantName = "[No Variations]"
Added Component: Designator=R22(tro smd 0603)
Add component (AddParameter): Name = "Chung_Loai"; Value = "Dán"; VariantName = "[No Variations]"
Add component (AddParameter): Name = "Don_Vi"; Value = "Con"; VariantName = "[No Variations]"
Add component (AddParameter): Name = "Kieu_Chan"; Value = ""; VariantName = "[No Variations]"
Add component (AddParameter): Name = "Ma_Hang"; Value = "MH006321"; VariantName = "[No Variations]"
Add component (AddParameter): Name = "So_Chan"; Value = "2"; VariantName = "[No Variations]"
Add component (AddParameter): Name = "Ten_Linh_Kien"; Value = "Tr? 0603 5% 2.2k"; VariantName = "[No Variations]"
Added Component: Designator=R23(tro smd 0603)
Add component (AddParameter): Name = "Chung_Loai"; Value = "Dán"; VariantName = "[No Variations]"
Add component (AddParameter): Name = "Don_Vi"; Value = "Con"; VariantName = "[No Variations]"
Add component (AddParameter): Name = "Kieu_Chan"; Value = ""; VariantName = "[No Variations]"
Add component (AddParameter): Name = "Ma_Hang"; Value = "MH006321"; VariantName = "[No Variations]"
Add component (AddParameter): Name = "So_Chan"; Value = "2"; VariantName = "[No Variations]"
Add component (AddParameter): Name = "Ten_Linh_Kien"; Value = "Tr? 0603 5% 2.2k"; VariantName = "[No Variations]"
Added Component: Designator=R24(tro smd 0603)
Add component (AddParameter): Name = "Chung_Loai"; Value = "Dán"; VariantName = "[No Variations]"
Add component (AddParameter): Name = "Don_Vi"; Value = "Con"; VariantName = "[No Variations]"
Add component (AddParameter): Name = "Kieu_Chan"; Value = ""; VariantName = "[No Variations]"
Add component (AddParameter): Name = "Ma_Hang"; Value = "MH006321"; VariantName = "[No Variations]"
Add component (AddParameter): Name = "So_Chan"; Value = "2"; VariantName = "[No Variations]"
Add component (AddParameter): Name = "Ten_Linh_Kien"; Value = "Tr? 0603 5% 2.2k"; VariantName = "[No Variations]"
Added Component: Designator=R25(tro smd 0603)
Add component (AddParameter): Name = "Chung_Loai"; Value = "Dán"; VariantName = "[No Variations]"
Add component (AddParameter): Name = "Don_Vi"; Value = "Con"; VariantName = "[No Variations]"
Add component (AddParameter): Name = "Kieu_Chan"; Value = ""; VariantName = "[No Variations]"
Add component (AddParameter): Name = "Ma_Hang"; Value = "MH006321"; VariantName = "[No Variations]"
Add component (AddParameter): Name = "So_Chan"; Value = "2"; VariantName = "[No Variations]"
Add component (AddParameter): Name = "Ten_Linh_Kien"; Value = "Tr? 0603 5% 2.2k"; VariantName = "[No Variations]"
Added Component: Designator=R26(tro smd 0603)
Add component (AddParameter): Name = "Chung_Loai"; Value = "Dán"; VariantName = "[No Variations]"
Add component (AddParameter): Name = "Don_Vi"; Value = "Con"; VariantName = "[No Variations]"
Add component (AddParameter): Name = "Kieu_Chan"; Value = ""; VariantName = "[No Variations]"
Add component (AddParameter): Name = "Ma_Hang"; Value = "MH006321"; VariantName = "[No Variations]"
Add component (AddParameter): Name = "So_Chan"; Value = "2"; VariantName = "[No Variations]"
Add component (AddParameter): Name = "Ten_Linh_Kien"; Value = "Tr? 0603 5% 2.2k"; VariantName = "[No Variations]"
Added Component: Designator=R27(tro smd 0603)
Add component (AddParameter): Name = "Chung_Loai"; Value = "Dán"; VariantName = "[No Variations]"
Add component (AddParameter): Name = "Don_Vi"; Value = "Con"; VariantName = "[No Variations]"
Add component (AddParameter): Name = "Kieu_Chan"; Value = ""; VariantName = "[No Variations]"
Add component (AddParameter): Name = "Ma_Hang"; Value = "MH006321"; VariantName = "[No Variations]"
Add component (AddParameter): Name = "So_Chan"; Value = "2"; VariantName = "[No Variations]"
Add component (AddParameter): Name = "Ten_Linh_Kien"; Value = "Tr? 0603 5% 2.2k"; VariantName = "[No Variations]"
Added Component: Designator=R28(tro smd 0603)
Add component (AddParameter): Name = "Chung_Loai"; Value = "Dán"; VariantName = "[No Variations]"
Add component (AddParameter): Name = "Don_Vi"; Value = "Con"; VariantName = "[No Variations]"
Add component (AddParameter): Name = "Kieu_Chan"; Value = ""; VariantName = "[No Variations]"
Add component (AddParameter): Name = "Ma_Hang"; Value = "MH006321"; VariantName = "[No Variations]"
Add component (AddParameter): Name = "So_Chan"; Value = "2"; VariantName = "[No Variations]"
Add component (AddParameter): Name = "Ten_Linh_Kien"; Value = "Tr? 0603 5% 2.2k"; VariantName = "[No Variations]"
Added Component: Designator=R29(tro smd 0603)
Add component (AddParameter): Name = "Chung_Loai"; Value = "Dán"; VariantName = "[No Variations]"
Add component (AddParameter): Name = "Don_Vi"; Value = "Con"; VariantName = "[No Variations]"
Add component (AddParameter): Name = "Kieu_Chan"; Value = ""; VariantName = "[No Variations]"
Add component (AddParameter): Name = "Ma_Hang"; Value = "MH006321"; VariantName = "[No Variations]"
Add component (AddParameter): Name = "So_Chan"; Value = "2"; VariantName = "[No Variations]"
Add component (AddParameter): Name = "Ten_Linh_Kien"; Value = "Tr? 0603 5% 2.2k"; VariantName = "[No Variations]"
Added Component: Designator=R30(tro smd 0603)
Add component (AddParameter): Name = "Chung_Loai"; Value = "Dán"; VariantName = "[No Variations]"
Add component (AddParameter): Name = "Don_Vi"; Value = "Con"; VariantName = "[No Variations]"
Add component (AddParameter): Name = "Kieu_Chan"; Value = ""; VariantName = "[No Variations]"
Add component (AddParameter): Name = "Ma_Hang"; Value = "MH006321"; VariantName = "[No Variations]"
Add component (AddParameter): Name = "So_Chan"; Value = "2"; VariantName = "[No Variations]"
Add component (AddParameter): Name = "Ten_Linh_Kien"; Value = "Tr? 0603 5% 2.2k"; VariantName = "[No Variations]"
Added Component: Designator=R31(tro smd 0603)
Add component (AddParameter): Name = "Chung_Loai"; Value = "Dán"; VariantName = "[No Variations]"
Add component (AddParameter): Name = "Don_Vi"; Value = "Con"; VariantName = "[No Variations]"
Add component (AddParameter): Name = "Kieu_Chan"; Value = ""; VariantName = "[No Variations]"
Add component (AddParameter): Name = "Ma_Hang"; Value = "MH006321"; VariantName = "[No Variations]"
Add component (AddParameter): Name = "So_Chan"; Value = "2"; VariantName = "[No Variations]"
Add component (AddParameter): Name = "Ten_Linh_Kien"; Value = "Tr? 0603 5% 2.2k"; VariantName = "[No Variations]"
Added Component: Designator=R32(tro smd 0603)
Add component (AddParameter): Name = "Chung_Loai"; Value = "Dán"; VariantName = "[No Variations]"
Add component (AddParameter): Name = "Don_Vi"; Value = "Con"; VariantName = "[No Variations]"
Add component (AddParameter): Name = "Kieu_Chan"; Value = ""; VariantName = "[No Variations]"
Add component (AddParameter): Name = "Ma_Hang"; Value = "MH006321"; VariantName = "[No Variations]"
Add component (AddParameter): Name = "So_Chan"; Value = "2"; VariantName = "[No Variations]"
Add component (AddParameter): Name = "Ten_Linh_Kien"; Value = "Tr? 0603 5% 2.2k"; VariantName = "[No Variations]"
Added Component: Designator=R33(tro smd 0603)
Add component (AddParameter): Name = "Chung_Loai"; Value = "Dán"; VariantName = "[No Variations]"
Add component (AddParameter): Name = "Don_Vi"; Value = "Con"; VariantName = "[No Variations]"
Add component (AddParameter): Name = "Kieu_Chan"; Value = ""; VariantName = "[No Variations]"
Add component (AddParameter): Name = "Ma_Hang"; Value = "MH006321"; VariantName = "[No Variations]"
Add component (AddParameter): Name = "So_Chan"; Value = "2"; VariantName = "[No Variations]"
Add component (AddParameter): Name = "Ten_Linh_Kien"; Value = "Tr? 0603 5% 2.2k"; VariantName = "[No Variations]"
Added Component: Designator=U7(QFN40P300X300X105-24N)
Add component (AddParameter): Name = "Availability"; Value = "Unavailable"; VariantName = "[No Variations]"
Add component (AddParameter): Name = "MF"; Value = "{'manufacturer': u'TDK InvenSense'}"; VariantName = "[No Variations]"
Add component (AddParameter): Name = "MP"; Value = "ICM-20948"; VariantName = "[No Variations]"
Add component (AddParameter): Name = "Package"; Value = "None"; VariantName = "[No Variations]"
Add component (AddParameter): Name = "Price"; Value = "None"; VariantName = "[No Variations]"
Add component (AddParameter): Name = "Value"; Value = ""; VariantName = "[No Variations]"
Added Pin To Net: NetName=+1.8V Pin=C29-1
Added Pin To Net: NetName=GND Pin=C29-2
Added Pin To Net: NetName=+1.8V Pin=C30-1
Added Pin To Net: NetName=GND Pin=C30-2
Added Pin To Net: NetName=GND Pin=C31-2
Added Pin To Net: NetName=PC6 Pin=I/O1-2
Added Pin To Net: NetName=PC7 Pin=I/O1-3
Added Pin To Net: NetName=PC8 Pin=I/O1-4
Added Pin To Net: NetName=PC9 Pin=I/O1-5
Added Pin To Net: NetName=GND Pin=MD1-1
Added Pin To Net: NetName=+3.3V_STM32 Pin=MD1-2
Added Pin To Net: NetName=PB0 Pin=MD1-5
Added Pin To Net: NetName=PC5 Pin=MD1-6
Added Pin To Net: NetName=+1.8V Pin=Q5-1
Added Pin To Net: NetName=+1.8V Pin=Q6-1
Added Pin To Net: NetName=PC5 Pin=Q6-3
Added Pin To Net: NetName=+1.8V Pin=Q7-1
Added Pin To Net: NetName=+1.8V Pin=Q8-1
Added Pin To Net: NetName=PB0 Pin=Q8-3
Added Pin To Net: NetName=+1.8V Pin=Q9-1
Added Pin To Net: NetName=+1.8V Pin=Q10-1
Added Pin To Net: NetName=+3.3V_STM32 Pin=R22-2
Added Pin To Net: NetName=+1.8V Pin=R23-2
Added Pin To Net: NetName=+3.3V_STM32 Pin=R24-2
Added Pin To Net: NetName=+1.8V Pin=R25-2
Added Pin To Net: NetName=PC5 Pin=R26-1
Added Pin To Net: NetName=+3.3V_STM32 Pin=R26-2
Added Pin To Net: NetName=+1.8V Pin=R27-2
Added Pin To Net: NetName=PB0 Pin=R28-1
Added Pin To Net: NetName=+3.3V_STM32 Pin=R28-2
Added Pin To Net: NetName=+3.3V_STM32 Pin=R29-2
Added Pin To Net: NetName=+3.3V_STM32 Pin=R30-2
Added Pin To Net: NetName=+1.8V Pin=R31-2
Added Pin To Net: NetName=+1.8V Pin=R32-2
Added Pin To Net: NetName=+1.8V Pin=R33-2
Added Pin To Net: NetName=PB0 Pin=U1-21
Added Pin To Net: NetName=PC5 Pin=U1-23
Added Pin To Net: NetName=+1.8V Pin=U7-8
Added Pin To Net: NetName=+1.8V Pin=U7-13
Added Pin To Net: NetName=GND Pin=U7-18
Added Pin To Net: NetName=GND Pin=U7-20
Change Net Name : Old Net Name=PB0 New Net Name=SPI_SCK
Change Net Name : Old Net Name=PC5 New Net Name=SPI_MOSI
Added Pin To Net: NetName=IMU_CS Pin=Q9-3
Added Pin To Net: NetName=IMU_CS Pin=R29-1
Added Pin To Net: NetName=IMU_CS Pin=U1-20
Added Net: Name=IMU_CS
Added Pin To Net: NetName=IMU_FSYNC Pin=Q10-3
Added Pin To Net: NetName=IMU_FSYNC Pin=R30-1
Added Pin To Net: NetName=IMU_FSYNC Pin=U1-25
Added Net: Name=IMU_FSYNC
Added Pin To Net: NetName=IMU_INT Pin=U1-24
Added Net: Name=IMU_INT
Added Pin To Net: NetName=IMU_MISO Pin=Q7-2
Added Pin To Net: NetName=IMU_MISO Pin=R27-1
Added Pin To Net: NetName=IMU_MISO Pin=U7-9
Added Net: Name=IMU_MISO
Added Pin To Net: NetName=IMU_MOSI Pin=Q6-2
Added Pin To Net: NetName=IMU_MOSI Pin=R25-1
Added Pin To Net: NetName=IMU_MOSI Pin=U7-24
Added Net: Name=IMU_MOSI
Added Pin To Net: NetName=IMU_SCK Pin=Q8-2
Added Pin To Net: NetName=IMU_SCK Pin=R31-1
Added Pin To Net: NetName=IMU_SCK Pin=U7-23
Added Net: Name=IMU_SCK
Added Pin To Net: NetName=NetC31_1 Pin=C31-1
Added Pin To Net: NetName=NetC31_1 Pin=U7-10
Added Net: Name=NetC31_1
Added Pin To Net: NetName=NRF24_CSN Pin=MD1-4
Added Pin To Net: NetName=NRF24_CSN Pin=U1-27
Added Net: Name=NRF24_CSN
Added Pin To Net: NetName=NRF24_CS Pin=MD1-3
Added Pin To Net: NetName=NRF24_CS Pin=U1-26
Added Net: Name=NRF24_CS
Added Pin To Net: NetName=NRF24_INT Pin=MD1-8
Added Pin To Net: NetName=NRF24_INT Pin=U1-28
Added Net: Name=NRF24_INT
Added Pin To Net: NetName=S_IMU_CS Pin=Q9-2
Added Pin To Net: NetName=S_IMU_CS Pin=R32-1
Added Pin To Net: NetName=S_IMU_CS Pin=U7-22
Added Net: Name=S_IMU_CS
Added Pin To Net: NetName=S_IMU_FSYNC Pin=Q10-2
Added Pin To Net: NetName=S_IMU_FSYNC Pin=R33-1
Added Pin To Net: NetName=S_IMU_FSYNC Pin=U7-11
Added Net: Name=S_IMU_FSYNC
Added Pin To Net: NetName=S_IMU_INT Pin=Q5-2
Added Pin To Net: NetName=S_IMU_INT Pin=R23-1
Added Pin To Net: NetName=S_IMU_INT Pin=U7-12
Added Net: Name=S_IMU_INT
Added Pin To Net: NetName=SPI_INT Pin=Q5-3
Added Pin To Net: NetName=SPI_INT Pin=R24-1
Added Net: Name=SPI_INT
Added Pin To Net: NetName=SPI_MISO Pin=MD1-7
Added Pin To Net: NetName=SPI_MISO Pin=Q7-3
Added Pin To Net: NetName=SPI_MISO Pin=R22-1
Added Pin To Net: NetName=SPI_MISO Pin=U1-22
Added Net: Name=SPI_MISO
Added Class: Name=Peripherial
Added Member To Class: ClassName=PWR_SRC Member=Component C14 105
Added Member To Class: ClassName=PWR_SRC Member=Component C15 105
Added Member To Class: ClassName=ADC Member=Component C28 470pF
Added Member To Class: ClassName=ADC Member=Component R21 3.9k
Added Member To Class: ClassName=PWR_SRC Member=Component U3 LT6650IS5#TRPBF
Added Room: Name=Peripherial
