Removed Pin From Net: NetName=NetJP?_1 Pin=JP?-1
Removed Pin From Net: NetName=NetJP?_2 Pin=JP?-2
Removed Pin From Net: NetName=NetJP?_3 Pin=JP?-3
Removed Pin From Net: NetName=NetJP?_4 Pin=JP?-4
Removed Pin From Net: NetName=NetJP?_5 Pin=JP?-5
Removed Pin From Net: NetName=NetJP?_6 Pin=JP?-6
Removed Pin From Net: NetName=NetJP?_7 Pin=JP?-7
Removed Pin From Net: NetName=NetJP?_8 Pin=JP?-8
Removed Pin From Net: NetName=NetJP?_9 Pin=JP?-9
Removed Pin From Net: NetName=NetJP?_10 Pin=JP?-10
Removed Pin From Net: NetName=NetJP?_10 Pin=U?-14
Removed Pin From Net: NetName=NetJP?_9 Pin=U?-15
Removed Pin From Net: NetName=NetJP?_8 Pin=U?-16
Removed Pin From Net: NetName=NetJP?_7 Pin=U?-17
Removed Pin From Net: NetName=NetJP?_6 Pin=U?-20
Removed Pin From Net: NetName=NetJP?_5 Pin=U?-21
Removed Pin From Net: NetName=NetJP?_4 Pin=U?-22
Removed Pin From Net: NetName=NetJP?_3 Pin=U?-23
Removed Pin From Net: NetName=NetJP?_2 Pin=U?-41
Removed Pin From Net: NetName=NetJP?_1 Pin=U?-42
Change Component Footprint: Designator=JP? Old Footprint=JP 1x10 CC New Footprint=JP 1x2 DT
Change Component Comment : Designator=JP? Old Comment=JP 1x10 2.54 New Comment=JP 1x2 2.54
Change Component Designator: OldDesignator=JP? NewDesignator=JP1
Change Component Designator: OldDesignator=U? NewDesignator=U1
Change component parameters: Designator = "JP?" ("JP?"); Footprint = "JP 1x10 CC"; UniqueID = "\FJILNVQT" ("\FJILNVQT")
Change component parameters (AddParameter): Name = "Chung_Loai"; Value = "C?m"; VariantName = "[No Variations]"
Change component parameters (AddParameter): Name = "Don_Vi"; Value = "Con"; VariantName = "[No Variations]"
Change component parameters (AddParameter): Name = "Ghi_Chu"; Value = ""; VariantName = "[No Variations]"
Change component parameters (AddParameter): Name = "Kieu_Chan"; Value = ""; VariantName = "[No Variations]"
Change component parameters (AddParameter): Name = "Ma_Hang"; Value = "MH000903"; VariantName = "[No Variations]"
Change component parameters (AddParameter): Name = "Ten_Linh_Kien"; Value = "Jump Ðon Ð?c 2.54MM 1x40P Th?ng 11MM"; VariantName = "[No Variations]"
Added Component: Designator=C1(CAPC1005X55N)
Add component (AddParameter): Name = "Availability"; Value = "Unavailable"; VariantName = "[No Variations]"
Add component (AddParameter): Name = "MF"; Value = "{'manufacturer': u'Murata'}"; VariantName = "[No Variations]"
Add component (AddParameter): Name = "MP"; Value = "GRM1555C1H120JA01D"; VariantName = "[No Variations]"
Add component (AddParameter): Name = "Package"; Value = "None"; VariantName = "[No Variations]"
Add component (AddParameter): Name = "Price"; Value = "None"; VariantName = "[No Variations]"
Add component (AddParameter): Name = "Value"; Value = ""; VariantName = "[No Variations]"
Added Component: Designator=C2(CAPC1005X55N)
Add component (AddParameter): Name = "Availability"; Value = "Unavailable"; VariantName = "[No Variations]"
Add component (AddParameter): Name = "MF"; Value = "{'manufacturer': u'Murata'}"; VariantName = "[No Variations]"
Add component (AddParameter): Name = "MP"; Value = "GRM1555C1H120JA01D"; VariantName = "[No Variations]"
Add component (AddParameter): Name = "Package"; Value = "None"; VariantName = "[No Variations]"
Add component (AddParameter): Name = "Price"; Value = "None"; VariantName = "[No Variations]"
Add component (AddParameter): Name = "Value"; Value = ""; VariantName = "[No Variations]"
Added Component: Designator=C3(tu 0805)
Add component (AddParameter): Name = "Chung_Loai"; Value = "Dán"; VariantName = "[No Variations]"
Add component (AddParameter): Name = "Don_Vi"; Value = "Con"; VariantName = "[No Variations]"
Add component (AddParameter): Name = "Kieu_Chan"; Value = ""; VariantName = "[No Variations]"
Add component (AddParameter): Name = "Ma_Hang"; Value = "MH004558"; VariantName = "[No Variations]"
Add component (AddParameter): Name = "So_Chan"; Value = "2"; VariantName = "[No Variations]"
Add component (AddParameter): Name = "Ten_Linh_Kien"; Value = "T? 0805 20P 10% 50V"; VariantName = "[No Variations]"
Added Component: Designator=C4(tu 0805)
Add component (AddParameter): Name = "Chung_Loai"; Value = "Dán"; VariantName = "[No Variations]"
Add component (AddParameter): Name = "Don_Vi"; Value = "Con"; VariantName = "[No Variations]"
Add component (AddParameter): Name = "Kieu_Chan"; Value = ""; VariantName = "[No Variations]"
Add component (AddParameter): Name = "Ma_Hang"; Value = "MH004558"; VariantName = "[No Variations]"
Add component (AddParameter): Name = "So_Chan"; Value = "2"; VariantName = "[No Variations]"
Add component (AddParameter): Name = "Ten_Linh_Kien"; Value = "T? 0805 20P 10% 50V"; VariantName = "[No Variations]"
Added Component: Designator=C5(tu 0603)
Add component (AddParameter): Name = "Chung_Loai"; Value = "Dán"; VariantName = "[No Variations]"
Add component (AddParameter): Name = "Don_Vi"; Value = "Con"; VariantName = "[No Variations]"
Add component (AddParameter): Name = "Kieu_Chan"; Value = ""; VariantName = "[No Variations]"
Add component (AddParameter): Name = "Ma_Hang"; Value = "MH004567"; VariantName = "[No Variations]"
Add component (AddParameter): Name = "So_Chan"; Value = "2"; VariantName = "[No Variations]"
Add component (AddParameter): Name = "Ten_Linh_Kien"; Value = "T? 0603 103-10nF 10% 50V"; VariantName = "[No Variations]"
Added Component: Designator=C6(tu 0603)
Add component (AddParameter): Name = "Chung_Loai"; Value = "Dán"; VariantName = "[No Variations]"
Add component (AddParameter): Name = "Don_Vi"; Value = "Con"; VariantName = "[No Variations]"
Add component (AddParameter): Name = "Kieu_Chan"; Value = ""; VariantName = "[No Variations]"
Add component (AddParameter): Name = "Ma_Hang"; Value = "MH004567"; VariantName = "[No Variations]"
Add component (AddParameter): Name = "So_Chan"; Value = "2"; VariantName = "[No Variations]"
Add component (AddParameter): Name = "Ten_Linh_Kien"; Value = "T? 0603 103-10nF 10% 50V"; VariantName = "[No Variations]"
Added Component: Designator=C7(tu 0603)
Add component (AddParameter): Name = "Chung_Loai"; Value = "Dán"; VariantName = "[No Variations]"
Add component (AddParameter): Name = "Don_Vi"; Value = "Con"; VariantName = "[No Variations]"
Add component (AddParameter): Name = "Kieu_Chan"; Value = ""; VariantName = "[No Variations]"
Add component (AddParameter): Name = "Ma_Hang"; Value = "MH004567"; VariantName = "[No Variations]"
Add component (AddParameter): Name = "So_Chan"; Value = "2"; VariantName = "[No Variations]"
Add component (AddParameter): Name = "Ten_Linh_Kien"; Value = "T? 0603 103-10nF 10% 50V"; VariantName = "[No Variations]"
Added Component: Designator=C8(tu 0603)
Add component (AddParameter): Name = "Chung_Loai"; Value = "Dán"; VariantName = "[No Variations]"
Add component (AddParameter): Name = "Don_Vi"; Value = "Con"; VariantName = "[No Variations]"
Add component (AddParameter): Name = "Kieu_Chan"; Value = ""; VariantName = "[No Variations]"
Add component (AddParameter): Name = "Ma_Hang"; Value = "MH004567"; VariantName = "[No Variations]"
Add component (AddParameter): Name = "So_Chan"; Value = "2"; VariantName = "[No Variations]"
Add component (AddParameter): Name = "Ten_Linh_Kien"; Value = "T? 0603 103-10nF 10% 50V"; VariantName = "[No Variations]"
Added Component: Designator=C9(tu 0603)
Add component (AddParameter): Name = "Chung_Loai"; Value = "Dán"; VariantName = "[No Variations]"
Add component (AddParameter): Name = "Don_Vi"; Value = "Con"; VariantName = "[No Variations]"
Add component (AddParameter): Name = "Kieu_Chan"; Value = ""; VariantName = "[No Variations]"
Add component (AddParameter): Name = "Ma_Hang"; Value = "MH004567"; VariantName = "[No Variations]"
Add component (AddParameter): Name = "So_Chan"; Value = "2"; VariantName = "[No Variations]"
Add component (AddParameter): Name = "Ten_Linh_Kien"; Value = "T? 0603 103-10nF 10% 50V"; VariantName = "[No Variations]"
Added Component: Designator=C10(tu 0603)
Add component (AddParameter): Name = "Chung_Loai"; Value = "Dán"; VariantName = "[No Variations]"
Add component (AddParameter): Name = "Don_Vi"; Value = "Con"; VariantName = "[No Variations]"
Add component (AddParameter): Name = "Kieu_Chan"; Value = ""; VariantName = "[No Variations]"
Add component (AddParameter): Name = "Ma_Hang"; Value = "MH004567"; VariantName = "[No Variations]"
Add component (AddParameter): Name = "So_Chan"; Value = "2"; VariantName = "[No Variations]"
Add component (AddParameter): Name = "Ten_Linh_Kien"; Value = "T? 0603 103-10nF 10% 50V"; VariantName = "[No Variations]"
Added Component: Designator=C11(tu 0805)
Add component (AddParameter): Name = "Chung_Loai"; Value = "Dán"; VariantName = "[No Variations]"
Add component (AddParameter): Name = "Don_Vi"; Value = "Con"; VariantName = "[No Variations]"
Add component (AddParameter): Name = "Kieu_Chan"; Value = ""; VariantName = "[No Variations]"
Add component (AddParameter): Name = "Ma_Hang"; Value = "MH007483"; VariantName = "[No Variations]"
Add component (AddParameter): Name = "So_Chan"; Value = "2"; VariantName = "[No Variations]"
Add component (AddParameter): Name = "Ten_Linh_Kien"; Value = "T? 0805 225-2.2uF 25V 10%"; VariantName = "[No Variations]"
Added Component: Designator=C12(tu 0805)
Add component (AddParameter): Name = "Chung_Loai"; Value = "Dán"; VariantName = "[No Variations]"
Add component (AddParameter): Name = "Don_Vi"; Value = "Con"; VariantName = "[No Variations]"
Add component (AddParameter): Name = "Kieu_Chan"; Value = ""; VariantName = "[No Variations]"
Add component (AddParameter): Name = "Ma_Hang"; Value = "MH007483"; VariantName = "[No Variations]"
Add component (AddParameter): Name = "So_Chan"; Value = "2"; VariantName = "[No Variations]"
Add component (AddParameter): Name = "Ten_Linh_Kien"; Value = "T? 0805 225-2.2uF 25V 10%"; VariantName = "[No Variations]"
Added Component: Designator=I2C(JP 1x2 DT)
Add component (AddParameter): Name = "Chung_Loai"; Value = "C?m"; VariantName = "[No Variations]"
Add component (AddParameter): Name = "Don_Vi"; Value = "Con"; VariantName = "[No Variations]"
Add component (AddParameter): Name = "Ghi_Chu"; Value = ""; VariantName = "[No Variations]"
Add component (AddParameter): Name = "Kieu_Chan"; Value = ""; VariantName = "[No Variations]"
Add component (AddParameter): Name = "Ma_Hang"; Value = "MH000903"; VariantName = "[No Variations]"
Add component (AddParameter): Name = "Ten_Linh_Kien"; Value = "Jump Ðon Ð?c 2.54MM 1x40P Th?ng 11MM"; VariantName = "[No Variations]"
Added Component: Designator=I/O1(JP 2x6 DT)
Add component (AddParameter): Name = "Chung_Loai"; Value = "C?m"; VariantName = "[No Variations]"
Add component (AddParameter): Name = "Don_Vi"; Value = "Con"; VariantName = "[No Variations]"
Add component (AddParameter): Name = "Ghi_Chu"; Value = ""; VariantName = "[No Variations]"
Add component (AddParameter): Name = "Kieu_Chan"; Value = ""; VariantName = "[No Variations]"
Add component (AddParameter): Name = "Ma_Hang"; Value = "MH002686"; VariantName = "[No Variations]"
Add component (AddParameter): Name = "Ten_Linh_Kien"; Value = "Jump Ðôi Ð?c 2.54MM 2x40P Th?ng 11MM"; VariantName = "[No Variations]"
Added Component: Designator=I/O2(JP 2x6 DT)
Add component (AddParameter): Name = "Chung_Loai"; Value = "C?m"; VariantName = "[No Variations]"
Add component (AddParameter): Name = "Don_Vi"; Value = "Con"; VariantName = "[No Variations]"
Add component (AddParameter): Name = "Ghi_Chu"; Value = ""; VariantName = "[No Variations]"
Add component (AddParameter): Name = "Kieu_Chan"; Value = ""; VariantName = "[No Variations]"
Add component (AddParameter): Name = "Ma_Hang"; Value = "MH002686"; VariantName = "[No Variations]"
Add component (AddParameter): Name = "Ten_Linh_Kien"; Value = "Jump Ðôi Ð?c 2.54MM 2x40P Th?ng 11MM"; VariantName = "[No Variations]"
Added Component: Designator=J1(SK12D07VG4)
Add component (AddParameter): Name = "Availability"; Value = "Not in stock"; VariantName = "[No Variations]"
Add component (AddParameter): Name = "Check_prices"; Value = "https://www.snapeda.com/parts/SK12D07VG4/C&K/view-part/6618061/?ref=eda"; VariantName = "[No Variations]"
Add component (AddParameter): Name = "MF"; Value = "C&K"; VariantName = "[No Variations]"
Add component (AddParameter): Name = "MP"; Value = "SK12D07VG4"; VariantName = "[No Variations]"
Add component (AddParameter): Name = "Package"; Value = "None"; VariantName = "[No Variations]"
Add component (AddParameter): Name = "Price"; Value = "None"; VariantName = "[No Variations]"
Add component (AddParameter): Name = "SnapEDA_Link"; Value = "https://www.snapeda.com/parts/SK12D07VG4/C&K/view-part/6618061/?ref=snap"; VariantName = "[No Variations]"
Add component (AddParameter): Name = "Value"; Value = ""; VariantName = "[No Variations]"
Added Component: Designator=R1(tro smd 0603)
Add component (AddParameter): Name = "Chung_Loai"; Value = "Dán"; VariantName = "[No Variations]"
Add component (AddParameter): Name = "Don_Vi"; Value = "Con"; VariantName = "[No Variations]"
Add component (AddParameter): Name = "Kieu_Chan"; Value = ""; VariantName = "[No Variations]"
Add component (AddParameter): Name = "Ma_Hang"; Value = "MH006333"; VariantName = "[No Variations]"
Add component (AddParameter): Name = "So_Chan"; Value = "2"; VariantName = "[No Variations]"
Add component (AddParameter): Name = "Ten_Linh_Kien"; Value = "Tr? 0603 1% 10k"; VariantName = "[No Variations]"
Added Component: Designator=R2(tro smd 0603)
Add component (AddParameter): Name = "Chung_Loai"; Value = "Dán"; VariantName = "[No Variations]"
Add component (AddParameter): Name = "Don_Vi"; Value = "Con"; VariantName = "[No Variations]"
Add component (AddParameter): Name = "Kieu_Chan"; Value = ""; VariantName = "[No Variations]"
Add component (AddParameter): Name = "Ma_Hang"; Value = "MH006333"; VariantName = "[No Variations]"
Add component (AddParameter): Name = "So_Chan"; Value = "2"; VariantName = "[No Variations]"
Add component (AddParameter): Name = "Ten_Linh_Kien"; Value = "Tr? 0603 1% 10k"; VariantName = "[No Variations]"
Added Component: Designator=R3(tro smd 0603)
Add component (AddParameter): Name = "Chung_Loai"; Value = "Dán"; VariantName = "[No Variations]"
Add component (AddParameter): Name = "Don_Vi"; Value = "Con"; VariantName = "[No Variations]"
Add component (AddParameter): Name = "Kieu_Chan"; Value = ""; VariantName = "[No Variations]"
Add component (AddParameter): Name = "Ma_Hang"; Value = "MH006333"; VariantName = "[No Variations]"
Add component (AddParameter): Name = "So_Chan"; Value = "2"; VariantName = "[No Variations]"
Add component (AddParameter): Name = "Ten_Linh_Kien"; Value = "Tr? 0603 1% 10k"; VariantName = "[No Variations]"
Added Component: Designator=R4(tro smd 0603)
Add component (AddParameter): Name = "Chung_Loai"; Value = "Dán"; VariantName = "[No Variations]"
Add component (AddParameter): Name = "Don_Vi"; Value = "Con"; VariantName = "[No Variations]"
Add component (AddParameter): Name = "Kieu_Chan"; Value = ""; VariantName = "[No Variations]"
Add component (AddParameter): Name = "Ma_Hang"; Value = "MH006333"; VariantName = "[No Variations]"
Add component (AddParameter): Name = "So_Chan"; Value = "2"; VariantName = "[No Variations]"
Add component (AddParameter): Name = "Ten_Linh_Kien"; Value = "Tr? 0603 1% 10k"; VariantName = "[No Variations]"
Added Component: Designator=R5(tro smd 0603)
Add component (AddParameter): Name = "Chung_Loai"; Value = "Dán"; VariantName = "[No Variations]"
Add component (AddParameter): Name = "Don_Vi"; Value = "Con"; VariantName = "[No Variations]"
Add component (AddParameter): Name = "Kieu_Chan"; Value = ""; VariantName = "[No Variations]"
Add component (AddParameter): Name = "Ma_Hang"; Value = "MH006333"; VariantName = "[No Variations]"
Add component (AddParameter): Name = "So_Chan"; Value = "2"; VariantName = "[No Variations]"
Add component (AddParameter): Name = "Ten_Linh_Kien"; Value = "Tr? 0603 1% 10k"; VariantName = "[No Variations]"
Added Component: Designator=R6(tro smd 0603)
Add component (AddParameter): Name = "Chung_Loai"; Value = "Dán"; VariantName = "[No Variations]"
Add component (AddParameter): Name = "Don_Vi"; Value = "Con"; VariantName = "[No Variations]"
Add component (AddParameter): Name = "Kieu_Chan"; Value = ""; VariantName = "[No Variations]"
Add component (AddParameter): Name = "Ma_Hang"; Value = "MH006333"; VariantName = "[No Variations]"
Add component (AddParameter): Name = "So_Chan"; Value = "2"; VariantName = "[No Variations]"
Add component (AddParameter): Name = "Ten_Linh_Kien"; Value = "Tr? 0603 1% 10k"; VariantName = "[No Variations]"
Added Component: Designator=R7(tro smd 0603)
Add component (AddParameter): Name = "Chung_Loai"; Value = "Dán"; VariantName = "[No Variations]"
Add component (AddParameter): Name = "Don_Vi"; Value = "Con"; VariantName = "[No Variations]"
Add component (AddParameter): Name = "Kieu_Chan"; Value = ""; VariantName = "[No Variations]"
Add component (AddParameter): Name = "Ma_Hang"; Value = "MH006333"; VariantName = "[No Variations]"
Add component (AddParameter): Name = "So_Chan"; Value = "2"; VariantName = "[No Variations]"
Add component (AddParameter): Name = "Ten_Linh_Kien"; Value = "Tr? 0603 1% 10k"; VariantName = "[No Variations]"
Added Component: Designator=Reset(SW_SKQGAFE010)
Add component (AddParameter): Name = "Availability"; Value = "Unavailable"; VariantName = "[No Variations]"
Add component (AddParameter): Name = "MF"; Value = "{'manufacturer': u'ALPS'}"; VariantName = "[No Variations]"
Add component (AddParameter): Name = "MP"; Value = "SKQGAFE010"; VariantName = "[No Variations]"
Add component (AddParameter): Name = "Package"; Value = "None"; VariantName = "[No Variations]"
Add component (AddParameter): Name = "Price"; Value = "None"; VariantName = "[No Variations]"
Add component (AddParameter): Name = "Value"; Value = ""; VariantName = "[No Variations]"
Added Component: Designator=SWD/JTAG(JP 2x10 DT)
Add component (AddParameter): Name = "Chung_Loai"; Value = "C?m"; VariantName = "[No Variations]"
Add component (AddParameter): Name = "Don_Vi"; Value = "Con"; VariantName = "[No Variations]"
Add component (AddParameter): Name = "Ghi_Chu"; Value = ""; VariantName = "[No Variations]"
Add component (AddParameter): Name = "Kieu_Chan"; Value = ""; VariantName = "[No Variations]"
Add component (AddParameter): Name = "Ma_Hang"; Value = "MH002686"; VariantName = "[No Variations]"
Add component (AddParameter): Name = "Ten_Linh_Kien"; Value = "Jump Ðôi Ð?c 2.54MM 2x40P Th?ng 11MM"; VariantName = "[No Variations]"
Added Component: Designator=UART(JP 1x2 DT)
Add component (AddParameter): Name = "Chung_Loai"; Value = "C?m"; VariantName = "[No Variations]"
Add component (AddParameter): Name = "Don_Vi"; Value = "Con"; VariantName = "[No Variations]"
Add component (AddParameter): Name = "Ghi_Chu"; Value = ""; VariantName = "[No Variations]"
Add component (AddParameter): Name = "Kieu_Chan"; Value = ""; VariantName = "[No Variations]"
Add component (AddParameter): Name = "Ma_Hang"; Value = "MH000903"; VariantName = "[No Variations]"
Add component (AddParameter): Name = "Ten_Linh_Kien"; Value = "Jump Ðon Ð?c 2.54MM 1x40P Th?ng 11MM"; VariantName = "[No Variations]"
Added Component: Designator=Y1(XTAL_CM7V-T1A-32.768KHZ-12.5PF-100PPM-TB-QC)
Add component (AddParameter): Name = "Availability"; Value = "Unavailable"; VariantName = "[No Variations]"
Add component (AddParameter): Name = "MF"; Value = "{'manufacturer': u'Micro Crystal'}"; VariantName = "[No Variations]"
Add component (AddParameter): Name = "MP"; Value = "CM7V-T1A-32.768KHZ-12.5PF-100PPM-TB-QC"; VariantName = "[No Variations]"
Add component (AddParameter): Name = "Package"; Value = "None"; VariantName = "[No Variations]"
Add component (AddParameter): Name = "Price"; Value = "None"; VariantName = "[No Variations]"
Add component (AddParameter): Name = "Value"; Value = ""; VariantName = "[No Variations]"
Added Component: Designator=Y2(XTAL_ECS-080-20-5PX-TR)
Add component (AddParameter): Name = "Availability"; Value = "Unavailable"; VariantName = "[No Variations]"
Add component (AddParameter): Name = "MF"; Value = "{'manufacturer': u'ECS'}"; VariantName = "[No Variations]"
Add component (AddParameter): Name = "MP"; Value = "ECS-080-20-5PX-TR"; VariantName = "[No Variations]"
Add component (AddParameter): Name = "Package"; Value = "None"; VariantName = "[No Variations]"
Add component (AddParameter): Name = "Price"; Value = "None"; VariantName = "[No Variations]"
Add component (AddParameter): Name = "Value"; Value = ""; VariantName = "[No Variations]"
Added Pin To Net: NetName=NetJP?_10 Pin=I/O1-3
Added Pin To Net: NetName=NetJP?_9 Pin=I/O1-4
Added Pin To Net: NetName=NetJP?_8 Pin=I/O1-5
Added Pin To Net: NetName=NetJP?_7 Pin=I/O1-6
Added Pin To Net: NetName=NetJP?_6 Pin=I/O2-5
Added Pin To Net: NetName=NetJP?_5 Pin=R4-1
Added Pin To Net: NetName=NetJP?_4 Pin=R5-1
Added Pin To Net: NetName=NetJP?_3 Pin=R7-2
Added Pin To Net: NetName=NetJP?_4 Pin=SWD/JTAG-3
Added Pin To Net: NetName=NetJP?_3 Pin=SWD/JTAG-4
Added Pin To Net: NetName=NetJP?_5 Pin=SWD/JTAG-5
Added Pin To Net: NetName=NetJP?_6 Pin=U1-2
Added Pin To Net: NetName=NetJP?_1 Pin=U1-16
Added Pin To Net: NetName=NetJP?_2 Pin=U1-17
Added Pin To Net: NetName=NetJP?_10 Pin=U1-37
Added Pin To Net: NetName=NetJP?_9 Pin=U1-38
Added Pin To Net: NetName=NetJP?_8 Pin=U1-39
Added Pin To Net: NetName=NetJP?_7 Pin=U1-40
Added Pin To Net: NetName=NetJP?_5 Pin=U1-49
Added Pin To Net: NetName=NetJP?_4 Pin=U1-50
Added Pin To Net: NetName=NetJP?_1 Pin=UART-1
Added Pin To Net: NetName=NetJP?_2 Pin=UART-2
Change Net Name : Old Net Name=NetJP?_1 New Net Name=UART_Tx
Change Net Name : Old Net Name=NetJP?_2 New Net Name=UART_Rx
Change Net Name : Old Net Name=NetJP?_3 New Net Name=TMS
Change Net Name : Old Net Name=NetJP?_4 New Net Name=TDI
Change Net Name : Old Net Name=NetJP?_5 New Net Name=TCK
Change Net Name : Old Net Name=NetJP?_6 New Net Name=PC13
Change Net Name : Old Net Name=NetJP?_7 New Net Name=PC9
Change Net Name : Old Net Name=NetJP?_8 New Net Name=PC8
Change Net Name : Old Net Name=NetJP?_9 New Net Name=PC7
Change Net Name : Old Net Name=NetJP?_10 New Net Name=PC6
Added Pin To Net: NetName=+3.3V_STM32 Pin=C5-1
Added Pin To Net: NetName=+3.3V_STM32 Pin=C6-1
Added Pin To Net: NetName=+3.3V_STM32 Pin=C7-1
Added Pin To Net: NetName=+3.3V_STM32 Pin=C8-1
Added Pin To Net: NetName=+3.3V_STM32 Pin=C9-1
Added Pin To Net: NetName=+3.3V_STM32 Pin=C10-1
Added Pin To Net: NetName=+3.3V_STM32 Pin=C11-1
Added Pin To Net: NetName=+3.3V_STM32 Pin=C12-1
Added Pin To Net: NetName=+3.3V_STM32 Pin=JP1-1
Added Pin To Net: NetName=+3.3V_STM32 Pin=R1-2
Added Pin To Net: NetName=+3.3V_STM32 Pin=R2-2
Added Pin To Net: NetName=+3.3V_STM32 Pin=R3-2
Added Pin To Net: NetName=+3.3V_STM32 Pin=R4-2
Added Pin To Net: NetName=+3.3V_STM32 Pin=R5-2
Added Pin To Net: NetName=+3.3V_STM32 Pin=R6-2
Added Pin To Net: NetName=+3.3V_STM32 Pin=SWD/JTAG-1
Added Pin To Net: NetName=+3.3V_STM32 Pin=SWD/JTAG-20
Added Pin To Net: NetName=+3.3V_STM32 Pin=U1-1
Added Pin To Net: NetName=+3.3V_STM32 Pin=U1-13
Added Pin To Net: NetName=+3.3V_STM32 Pin=U1-19
Added Pin To Net: NetName=+3.3V_STM32 Pin=U1-30
Added Pin To Net: NetName=+3.3V_STM32 Pin=U1-32
Added Pin To Net: NetName=+3.3V_STM32 Pin=U1-48
Added Pin To Net: NetName=+3.3V_STM32 Pin=U1-64
Added Net: Name=+3.3V_STM32
Added Pin To Net: NetName=Boot Pin=J1-COM
Added Pin To Net: NetName=Boot Pin=U1-60
Added Net: Name=Boot
Added Pin To Net: NetName=GND Pin=C1-1
Added Pin To Net: NetName=GND Pin=C2-1
Added Pin To Net: NetName=GND Pin=C3-2
Added Pin To Net: NetName=GND Pin=C4-2
Added Pin To Net: NetName=GND Pin=C5-2
Added Pin To Net: NetName=GND Pin=C6-2
Added Pin To Net: NetName=GND Pin=C7-2
Added Pin To Net: NetName=GND Pin=C8-2
Added Pin To Net: NetName=GND Pin=C9-2
Added Pin To Net: NetName=GND Pin=C10-2
Added Pin To Net: NetName=GND Pin=C11-2
Added Pin To Net: NetName=GND Pin=C12-2
Added Pin To Net: NetName=GND Pin=J1-2
Added Pin To Net: NetName=GND Pin=R7-1
Added Pin To Net: NetName=GND Pin=Reset-3
Added Pin To Net: NetName=GND Pin=Reset-4
Added Pin To Net: NetName=GND Pin=SWD/JTAG-11
Added Pin To Net: NetName=GND Pin=SWD/JTAG-12
Added Pin To Net: NetName=GND Pin=SWD/JTAG-13
Added Pin To Net: NetName=GND Pin=SWD/JTAG-14
Added Pin To Net: NetName=GND Pin=SWD/JTAG-15
Added Pin To Net: NetName=GND Pin=SWD/JTAG-16
Added Pin To Net: NetName=GND Pin=SWD/JTAG-17
Added Pin To Net: NetName=GND Pin=SWD/JTAG-18
Added Pin To Net: NetName=GND Pin=SWD/JTAG-19
Added Pin To Net: NetName=GND Pin=U1-12
Added Pin To Net: NetName=GND Pin=U1-18
Added Pin To Net: NetName=GND Pin=U1-31
Added Pin To Net: NetName=GND Pin=U1-47
Added Pin To Net: NetName=GND Pin=U1-63
Added Net: Name=GND
Added Pin To Net: NetName=I2C_SCL Pin=I2C-1
Added Pin To Net: NetName=I2C_SCL Pin=U1-58
Added Net: Name=I2C_SCL
Added Pin To Net: NetName=I2C_SDA Pin=I2C-2
Added Pin To Net: NetName=I2C_SDA Pin=U1-59
Added Net: Name=I2C_SDA
Added Pin To Net: NetName=NetJ1_1 Pin=J1-1
Added Pin To Net: NetName=NetJ1_1 Pin=R1-1
Added Net: Name=NetJ1_1
Added Pin To Net: NetName=NetJP1_2 Pin=JP1-2
Added Pin To Net: NetName=NetJP1_2 Pin=SWD/JTAG-10
Added Net: Name=NetJP1_2
Added Pin To Net: NetName=NRST Pin=R2-1
Added Pin To Net: NetName=NRST Pin=Reset-1
Added Pin To Net: NetName=NRST Pin=Reset-2
Added Pin To Net: NetName=NRST Pin=SWD/JTAG-8
Added Pin To Net: NetName=NRST Pin=U1-7
Added Net: Name=NRST
Added Pin To Net: NetName=OSC32_IN Pin=C1-2
Added Pin To Net: NetName=OSC32_IN Pin=I/O2-6
Added Pin To Net: NetName=OSC32_IN Pin=U1-3
Added Pin To Net: NetName=OSC32_IN Pin=Y1-1
Added Net: Name=OSC32_IN
Added Pin To Net: NetName=OSC32_OUT Pin=C2-2
Added Pin To Net: NetName=OSC32_OUT Pin=I/O2-12
Added Pin To Net: NetName=OSC32_OUT Pin=U1-4
Added Pin To Net: NetName=OSC32_OUT Pin=Y1-2
Added Net: Name=OSC32_OUT
Added Pin To Net: NetName=OSC_IN Pin=C3-1
Added Pin To Net: NetName=OSC_IN Pin=U1-5
Added Pin To Net: NetName=OSC_IN Pin=Y2-1
Added Net: Name=OSC_IN
Added Pin To Net: NetName=OSC_OUT Pin=C4-1
Added Pin To Net: NetName=OSC_OUT Pin=U1-6
Added Pin To Net: NetName=OSC_OUT Pin=Y2-2
Added Net: Name=OSC_OUT
Added Pin To Net: NetName=PA0 Pin=I/O2-1
Added Pin To Net: NetName=PA0 Pin=U1-14
Added Net: Name=PA0
Added Pin To Net: NetName=PA1 Pin=I/O2-2
Added Pin To Net: NetName=PA1 Pin=U1-15
Added Net: Name=PA1
Added Pin To Net: NetName=PA8 Pin=I/O1-1
Added Pin To Net: NetName=PA8 Pin=U1-41
Added Net: Name=PA8
Added Pin To Net: NetName=PB0 Pin=I/O1-12
Added Pin To Net: NetName=PB0 Pin=U1-26
Added Net: Name=PB0
Added Pin To Net: NetName=PB1 Pin=I/O1-11
Added Pin To Net: NetName=PB1 Pin=U1-27
Added Net: Name=PB1
Added Pin To Net: NetName=PB2 Pin=I/O1-10
Added Pin To Net: NetName=PB2 Pin=U1-28
Added Net: Name=PB2
Added Pin To Net: NetName=PB3 Pin=I/O2-11
Added Pin To Net: NetName=PB3 Pin=R3-1
Added Pin To Net: NetName=PB3 Pin=SWD/JTAG-7
Added Pin To Net: NetName=PB3 Pin=U1-55
Added Net: Name=PB3
Added Pin To Net: NetName=PB4 Pin=I/O2-10
Added Pin To Net: NetName=PB4 Pin=R6-1
Added Pin To Net: NetName=PB4 Pin=SWD/JTAG-2
Added Pin To Net: NetName=PB4 Pin=U1-56
Added Net: Name=PB4
Added Pin To Net: NetName=PB5 Pin=I/O2-9
Added Pin To Net: NetName=PB5 Pin=U1-57
Added Net: Name=PB5
Added Pin To Net: NetName=PB8 Pin=I/O2-8
Added Pin To Net: NetName=PB8 Pin=U1-61
Added Net: Name=PB8
Added Pin To Net: NetName=PB9 Pin=I/O2-7
Added Pin To Net: NetName=PB9 Pin=U1-62
Added Net: Name=PB9
Added Pin To Net: NetName=PB10 Pin=I/O1-9
Added Pin To Net: NetName=PB10 Pin=U1-29
Added Net: Name=PB10
Added Pin To Net: NetName=PB14 Pin=I/O1-8
Added Pin To Net: NetName=PB14 Pin=U1-35
Added Net: Name=PB14
Added Pin To Net: NetName=PB15 Pin=I/O1-7
Added Pin To Net: NetName=PB15 Pin=U1-36
Added Net: Name=PB15
Added Pin To Net: NetName=PC0 Pin=I/O2-3
Added Pin To Net: NetName=PC0 Pin=U1-8
Added Net: Name=PC0
Added Pin To Net: NetName=PC1 Pin=I/O2-4
Added Pin To Net: NetName=PC1 Pin=U1-9
Added Net: Name=PC1
Added Pin To Net: NetName=PC5 Pin=I/O1-2
Added Pin To Net: NetName=PC5 Pin=U1-25
Added Net: Name=PC5
Added Member To Class: ClassName=STM32_MCU Member=Component C1 GRM1555C1H120JA01D
Added Member To Class: ClassName=STM32_MCU Member=Component C2 GRM1555C1H120JA01D
Added Member To Class: ClassName=STM32_MCU Member=Component C3 20pF
Added Member To Class: ClassName=STM32_MCU Member=Component C4 20pF
Added Member To Class: ClassName=STM32_MCU Member=Component C5 103
Added Member To Class: ClassName=STM32_MCU Member=Component C6 103
Added Member To Class: ClassName=STM32_MCU Member=Component C7 103
Added Member To Class: ClassName=STM32_MCU Member=Component C8 103
Added Member To Class: ClassName=STM32_MCU Member=Component C9 103
Added Member To Class: ClassName=STM32_MCU Member=Component C10 103
Added Member To Class: ClassName=STM32_MCU Member=Component C11 225
Added Member To Class: ClassName=STM32_MCU Member=Component C12 225
Added Member To Class: ClassName=STM32_MCU Member=Component I2C JP 1x2 2.54
Added Member To Class: ClassName=STM32_MCU Member=Component I/O1 JP 2x6 2.54
Added Member To Class: ClassName=STM32_MCU Member=Component I/O2 JP 2x6 2.54
Added Member To Class: ClassName=STM32_MCU Member=Component J1 SK12D07VG4
Added Member To Class: ClassName=STM32_MCU Member=Component R1 10k
Added Member To Class: ClassName=STM32_MCU Member=Component R2 10k
Added Member To Class: ClassName=STM32_MCU Member=Component R3 10k
Added Member To Class: ClassName=STM32_MCU Member=Component R4 10k
Added Member To Class: ClassName=STM32_MCU Member=Component R5 10k
Added Member To Class: ClassName=STM32_MCU Member=Component R6 10k
Added Member To Class: ClassName=STM32_MCU Member=Component R7 10k
Added Member To Class: ClassName=STM32_MCU Member=Component Reset SKQGAFE010
Added Member To Class: ClassName=STM32_MCU Member=Component SWD/JTAG JP 2x10 2.54
Added Member To Class: ClassName=STM32_MCU Member=Component UART JP 1x2 2.54
Added Member To Class: ClassName=STM32_MCU Member=Component Y1 CM7V-T1A-32.768KHZ-12.5PF-100PPM-TB-QC
Added Member To Class: ClassName=STM32_MCU Member=Component Y2 ECS-080-20-5PX-TR
