Removed Pin From Net: NetName=PB15 Pin=I/O1-7
Removed Pin From Net: NetName=PB14 Pin=I/O1-8
Removed Pin From Net: NetName=PB10 Pin=I/O1-9
Removed Pin From Net: NetName=PB1 Pin=I/O1-11
Removed Member From Class: ClassName=PWR_SRC Member=C16
Removed Member From Class: ClassName=ADC Member=C20
Removed Member From Class: ClassName=Driver Member=R9
Removed Member From Class: ClassName=ADC Member=R12
Removed Member From Class: ClassName=ADC Member=R17
Removed Member From Class: ClassName=PWR_SRC Member=R17
Removed Member From Class: ClassName=PWR_SRC Member=U3
Change Component Footprint: Designator=I/O1 Old Footprint=JP 2x6 DT New Footprint=JP 2x5 DT
Change Component Comment : Designator=I/O1 Old Comment=JP 2x6 2.54 New Comment=JP 2x5 2.54
Added Pin To Net: NetName=PB15 Pin=I/O1-6
Added Pin To Net: NetName=PB14 Pin=I/O1-7
Added Pin To Net: NetName=PB10 Pin=I/O1-8
Added Pin To Net: NetName=PB1 Pin=I/O1-9
Added Pin To Net: NetName=PB2 Pin=U1-33
Added Pin To Net: NetName=PB1 Pin=U1-34
Change Net Name : Old Net Name=PB1 New Net Name=PB13
Change Net Name : Old Net Name=PB2 New Net Name=PB12
Added Member To Class: ClassName=ADC Member=Component C14 470pF
Added Member To Class: ClassName=PWR_SRC Member=Component C21 105
Added Member To Class: ClassName=PWR_SRC Member=Component C22 224
Added Member To Class: ClassName=PWR_SRC Member=Component C23 106
Added Member To Class: ClassName=PWR_SRC Member=Component C24 224
Added Member To Class: ClassName=PWR_SRC Member=Component C25 106
Added Member To Class: ClassName=PWR_SRC Member=Component C27 105
Added Member To Class: ClassName=PWR_SRC Member=Component C28 10pF
Added Member To Class: ClassName=STM32_MCU Member=Component R2 10k
Added Member To Class: ClassName=ADC Member=Component R9 3.9k
Added Member To Class: ClassName=ADC Member=Component R10 3.9k
Added Member To Class: ClassName=ADC Member=Component R11 3.9k
Added Member To Class: ClassName=PWR_SRC Member=Component R13 1k
Added Member To Class: ClassName=Driver Member=Component R14 1k
Added Member To Class: ClassName=Driver Member=Component R15 10k
Added Member To Class: ClassName=Driver Member=Component R16 1k
Added Member To Class: ClassName=Driver Member=Component R18 1k
Added Member To Class: ClassName=Driver Member=Component R19 1k
Added Member To Class: ClassName=Driver Member=Component R20 10k
Added Member To Class: ClassName=Driver Member=Component R21 10k
Added Member To Class: ClassName=PWR_SRC Member=Component U6 MAX1555EZK+T
