Change Component Designator: OldDesignator=Boot NewDesignator=Boot1
Change Component Designator: OldDesignator=U? NewDesignator=U1
Added Component: Designator=U3(SOIC127P599X175-8N)
Add component (AddParameter): Name = "Availability"; Value = "Unavailable"; VariantName = "[No Variations]"
Add component (AddParameter): Name = "MF"; Value = "{'manufacturer': u'Texas Instruments'}"; VariantName = "[No Variations]"
Add component (AddParameter): Name = "MP"; Value = "OPA2335AID"; VariantName = "[No Variations]"
Add component (AddParameter): Name = "Package"; Value = "None"; VariantName = "[No Variations]"
Add component (AddParameter): Name = "Price"; Value = "None"; VariantName = "[No Variations]"
Add component (AddParameter): Name = "Value"; Value = ""; VariantName = "[No Variations]"
Added Component: Designator=U4(DBV5-M)
Add component (AddParameter): Name = "Mfr_Name"; Value = "Texas Instruments"; VariantName = "[No Variations]"
Add component (AddParameter): Name = "RefDes"; Value = "RefDes"; VariantName = "[No Variations]"
Add component (AddParameter): Name = "Type"; Value = "Type"; VariantName = "[No Variations]"
Added Component: Designator=U5(SOT95P280X100-5N)
Add component (AddParameter): Name = "Availability"; Value = "Unavailable"; VariantName = "[No Variations]"
Add component (AddParameter): Name = "MF"; Value = "{'manufacturer': u'Analog Devices'}"; VariantName = "[No Variations]"
Add component (AddParameter): Name = "MP"; Value = "LT6650IS5#TRPBF"; VariantName = "[No Variations]"
Add component (AddParameter): Name = "Package"; Value = "None"; VariantName = "[No Variations]"
Add component (AddParameter): Name = "Price"; Value = "None"; VariantName = "[No Variations]"
Add component (AddParameter): Name = "Value"; Value = ""; VariantName = "[No Variations]"
Added Component: Designator=U6(DBV5-M)
Add component (AddParameter): Name = "Mfr_Name"; Value = "Texas Instruments"; VariantName = "[No Variations]"
Add component (AddParameter): Name = "RefDes"; Value = "RefDes"; VariantName = "[No Variations]"
Add component (AddParameter): Name = "Type"; Value = "Type"; VariantName = "[No Variations]"
Added Component: Designator=U8(SOT95P275X110-5N)
Add component (AddParameter): Name = "Availability"; Value = "Unavailable"; VariantName = "[No Variations]"
Add component (AddParameter): Name = "MF"; Value = "{'manufacturer': u'Analog Devices'}"; VariantName = "[No Variations]"
Add component (AddParameter): Name = "MP"; Value = "MAX1555EZK+T"; VariantName = "[No Variations]"
Add component (AddParameter): Name = "Package"; Value = "None"; VariantName = "[No Variations]"
Add component (AddParameter): Name = "Price"; Value = "None"; VariantName = "[No Variations]"
Add component (AddParameter): Name = "Value"; Value = ""; VariantName = "[No Variations]"
Added Pin To Net: NetName=PC3 Pin=U3-1
Added Pin To Net: NetName=INPUT_2 Pin=U3-2
Added Pin To Net: NetName=0.4V Pin=U3-3
Added Pin To Net: NetName=GND Pin=U3-4
Added Pin To Net: NetName=0.4V Pin=U3-5
Added Pin To Net: NetName=INPUT_1 Pin=U3-6
Added Pin To Net: NetName=PC2 Pin=U3-7
Added Pin To Net: NetName=+AVCC Pin=U3-8
Added Pin To Net: NetName=+5V Pin=U4-1
Added Pin To Net: NetName=GND Pin=U4-2
Added Pin To Net: NetName=+5V Pin=U4-3
Added Pin To Net: NetName=NetC21_1 Pin=U4-4
Added Pin To Net: NetName=+3.3V_STM32 Pin=U4-5
Added Pin To Net: NetName=0.4V Pin=U5-1
Added Pin To Net: NetName=GND Pin=U5-2
Added Pin To Net: NetName=+AVCC Pin=U5-4
Added Pin To Net: NetName=0.4V Pin=U5-5
Added Pin To Net: NetName=+5V Pin=U6-1
Added Pin To Net: NetName=GND Pin=U6-2
Added Pin To Net: NetName=+5V Pin=U6-3
Added Pin To Net: NetName=NetC25_1 Pin=U6-4
Added Pin To Net: NetName=+AVCC Pin=U6-5
Added Pin To Net: NetName=+V_USB Pin=U8-1
Added Pin To Net: NetName=NetBT1_2 Pin=U8-2
Added Pin To Net: NetName=NetD6_1 Pin=U8-3
Added Pin To Net: NetName=+V_Bat Pin=U8-5
Change Net Name : Old Net Name=NetBoot_1 New Net Name=NetBoot1_1
Added Member To Class: ClassName=ADC Member=Component U3 OPA2335AID
Added Member To Class: ClassName=PowerSrc Member=Component U4 TPS73630DBVR
Added Member To Class: ClassName=PowerSrc Member=Component U5 LT6650IS5#TRPBF
Added Member To Class: ClassName=PowerSrc Member=Component U6 TPS73630DBVR
Added Member To Class: ClassName=PowerSrc Member=Component U8 MAX1555EZK+T
