Removed Pin From Net: NetName=GND Pin=D7-2
Removed Pin From Net: NetName=0.4V Pin=U3-3
Removed Pin From Net: NetName=0.4V Pin=U3-5
Removed Pin From Net: NetName=NetD7_1 Pin=U7-3
Change Component Footprint: Designator=R14 Old Footprint=tro smd 0603 New Footprint=Tro SMD 0805
Change Component Footprint: Designator=R15 Old Footprint=tro smd 0603 New Footprint=Tro SMD 0805
Change Component Comment : Designator=R14 Old Comment=3.9k New Comment=330k
Change Component Comment : Designator=R15 Old Comment=3.9k New Comment=330k
Change Component Designator: OldDesignator=Battery NewDesignator=BT1
Change Component Designator: OldDesignator=Boot NewDesignator=Boot1
Change Component Designator: OldDesignator=Driver NewDesignator=JP1
Change Component Designator: OldDesignator=JDY-18 NewDesignator=JDY-1
Change Component Designator: OldDesignator=NRF24L01 NewDesignator=NRF1
Change Component Designator: OldDesignator=R17 NewDesignator=R19
Change Component Designator: OldDesignator=Servo NewDesignator=Servo1
Change Component Designator: OldDesignator=SWD/JTAG NewDesignator=SWD/JTAG1
Change component parameters: Designator = "R14" ("R14"); Footprint = "tro smd 0603"; UniqueID = "\DKTMJDDU" ("\DKTMJDDU")
Change component parameters (AddParameter): Name = "Chung_Loai"; Value = "Dán"; VariantName = "[No Variations]"
Change component parameters (AddParameter): Name = "Don_Vi"; Value = "Con"; VariantName = "[No Variations]"
Change component parameters (AddParameter): Name = "Kieu_Chan"; Value = ""; VariantName = "[No Variations]"
Change component parameters (AddParameter): Name = "Ma_Hang"; Value = "MH005336"; VariantName = "[No Variations]"
Change component parameters (AddParameter): Name = "So_Chan"; Value = "2"; VariantName = "[No Variations]"
Change component parameters (AddParameter): Name = "Ten_Linh_Kien"; Value = "Tr? 0805 5% 330K"; VariantName = "[No Variations]"
Change component parameters: Designator = "R15" ("R15"); Footprint = "tro smd 0603"; UniqueID = "\CONLZFIM" ("\CONLZFIM")
Change component parameters (AddParameter): Name = "Chung_Loai"; Value = "Dán"; VariantName = "[No Variations]"
Change component parameters (AddParameter): Name = "Don_Vi"; Value = "Con"; VariantName = "[No Variations]"
Change component parameters (AddParameter): Name = "Kieu_Chan"; Value = ""; VariantName = "[No Variations]"
Change component parameters (AddParameter): Name = "Ma_Hang"; Value = "MH005336"; VariantName = "[No Variations]"
Change component parameters (AddParameter): Name = "So_Chan"; Value = "2"; VariantName = "[No Variations]"
Change component parameters (AddParameter): Name = "Ten_Linh_Kien"; Value = "Tr? 0805 5% 330K"; VariantName = "[No Variations]"
Added Component: Designator=R17(tro smd 0603)
Add component (AddParameter): Name = "Chung_Loai"; Value = "Dán"; VariantName = "[No Variations]"
Add component (AddParameter): Name = "Don_Vi"; Value = "Con"; VariantName = "[No Variations]"
Add component (AddParameter): Name = "Kieu_Chan"; Value = ""; VariantName = "[No Variations]"
Add component (AddParameter): Name = "Ma_Hang"; Value = "MH006909"; VariantName = "[No Variations]"
Add component (AddParameter): Name = "So_Chan"; Value = "2"; VariantName = "[No Variations]"
Add component (AddParameter): Name = "Ten_Linh_Kien"; Value = "Tr? 0603 5% 1M"; VariantName = "[No Variations]"
Added Component: Designator=R18(tro smd 0603)
Add component (AddParameter): Name = "Chung_Loai"; Value = "Dán"; VariantName = "[No Variations]"
Add component (AddParameter): Name = "Don_Vi"; Value = "Con"; VariantName = "[No Variations]"
Add component (AddParameter): Name = "Kieu_Chan"; Value = ""; VariantName = "[No Variations]"
Add component (AddParameter): Name = "Ma_Hang"; Value = "MH006909"; VariantName = "[No Variations]"
Add component (AddParameter): Name = "So_Chan"; Value = "2"; VariantName = "[No Variations]"
Add component (AddParameter): Name = "Ten_Linh_Kien"; Value = "Tr? 0603 5% 1M"; VariantName = "[No Variations]"
Added Component: Designator=R20(Tro smd 0603)
Add component (AddParameter): Name = "Chung_Loai"; Value = "Dán"; VariantName = "[No Variations]"
Add component (AddParameter): Name = "Don_Vi"; Value = "Con"; VariantName = "[No Variations]"
Add component (AddParameter): Name = "Kieu_Chan"; Value = ""; VariantName = "[No Variations]"
Add component (AddParameter): Name = "Ma_Hang"; Value = "MH006335"; VariantName = "[No Variations]"
Add component (AddParameter): Name = "So_Chan"; Value = "2"; VariantName = "[No Variations]"
Add component (AddParameter): Name = "Ten_Linh_Kien"; Value = "Tr? 0603 1% 33k"; VariantName = "[No Variations]"
Added Pin To Net: NetName=0.4V Pin=R17-2
Added Pin To Net: NetName=GND Pin=R18-1
Added Pin To Net: NetName=GND Pin=R20-1
Change Net Name : Old Net Name=NetBoot_1 New Net Name=NetBoot1_1
Added Pin To Net: NetName=0.2V Pin=R17-1
Added Pin To Net: NetName=0.2V Pin=R18-2
Added Pin To Net: NetName=0.2V Pin=U3-3
Added Pin To Net: NetName=0.2V Pin=U3-5
Added Net: Name=0.2V
Added Pin To Net: NetName=NetD7_2 Pin=D7-2
Added Pin To Net: NetName=NetD7_2 Pin=U7-3
Added Net: Name=NetD7_2
Added Pin To Net: NetName=NetR20_2 Pin=R20-2
Added Pin To Net: NetName=NetR20_2 Pin=USB-6
Added Pin To Net: NetName=NetR20_2 Pin=USB-7
Added Pin To Net: NetName=NetR20_2 Pin=USB-8
Added Pin To Net: NetName=NetR20_2 Pin=USB-9
Added Net: Name=NetR20_2
Added Member To Class: ClassName=PowerSrc Member=Component R18 1M
Added Member To Class: ClassName=PowerSrc Member=Component R19 1k
Added Member To Class: ClassName=PowerSrc Member=Component R20 33k
